[20-11-18 22:50:14] [INFO] [DEBUG] onEnable start -> 1605729014752

[20-11-18 22:50:14] [INFO] [DEBUG] Starting load of Config at 1605729014858
[20-11-18 22:50:14] [INFO] [DEBUG] Config has been loaded. (took 13ms)
[20-11-18 22:50:14] [INFO] [DEBUG] Starting load of Lang at 1605729014872
[20-11-18 22:50:14] [INFO] [DEBUG] Lang has been loaded. (took 17ms)
[20-11-18 22:50:14] [INFO] [DEBUG] Starting load of UserManager at 1605729014890
[20-11-18 22:50:14] [INFO] [DEBUG] UserManager has been loaded. (took 0ms)
[20-11-18 22:50:14] [INFO] [DEBUG] Starting load of GuiListener at 1605729014890
[20-11-18 22:50:14] [INFO] [DEBUG] GuiListener has been loaded. (took 0ms)
[20-11-18 22:50:14] [INFO] [DEBUG] Starting load of KitManager at 1605729014890
[20-11-18 22:50:14] [INFO] KitManager: Loaded 0 kit(s).
[20-11-18 22:50:14] [INFO] [DEBUG] KitManager has been loaded. (took 38ms)
[20-11-18 22:50:14] [INFO] [DEBUG] Starting load of ArenaManager at 1605729014928
[20-11-18 22:50:14] [INFO] ArenaManager: Loaded 0 arena(s).
[20-11-18 22:50:14] [INFO] [DEBUG] ArenaManager has been loaded. (took 7ms)
[20-11-18 22:50:14] [INFO] [DEBUG] Starting load of SettingsManager at 1605729014935
[20-11-18 22:50:14] [INFO] [DEBUG] SettingsManager has been loaded. (took 0ms)
[20-11-18 22:50:14] [INFO] [DEBUG] Starting load of PlayerInfoManager at 1605729014935
[20-11-18 22:50:14] [INFO] PlayerInfoManager: Lobby location was not set, using world's spawn location as default. Use the command /duels setlobby in-game to set the lobby location.
[20-11-18 22:50:14] [INFO] [DEBUG] PlayerInfoManager has been loaded. (took 0ms)
[20-11-18 22:50:14] [INFO] [DEBUG] Starting load of SpectateManager at 1605729014935
[20-11-18 22:50:14] [INFO] [DEBUG] SpectateManager has been loaded. (took 0ms)
[20-11-18 22:50:14] [INFO] [DEBUG] Starting load of BettingManager at 1605729014935
[20-11-18 22:50:14] [INFO] [DEBUG] BettingManager has been loaded. (took 1ms)
[20-11-18 22:50:14] [INFO] [DEBUG] Starting load of InventoryManager at 1605729014936
[20-11-18 22:50:14] [INFO] [DEBUG] InventoryManager has been loaded. (took 0ms)
[20-11-18 22:50:14] [INFO] [DEBUG] Starting load of DuelManager at 1605729014936
[20-11-18 22:50:14] [INFO] [DEBUG] DuelManager has been loaded. (took 0ms)
[20-11-18 22:50:14] [INFO] [DEBUG] Starting load of QueueManager at 1605729014936
[20-11-18 22:50:14] [INFO] QueueManager: Loaded 0 queue(s).
[20-11-18 22:50:14] [INFO] [DEBUG] QueueManager has been loaded. (took 3ms)
[20-11-18 22:50:14] [INFO] [DEBUG] Starting load of QueueSignManager at 1605729014939
[20-11-18 22:50:14] [INFO] QueueSignManager: Loaded 0 queue sign(s).
[20-11-18 22:50:14] [INFO] [DEBUG] QueueSignManager has been loaded. (took 2ms)
[20-11-18 22:50:14] [INFO] [DEBUG] Starting load of RequestManager at 1605729014942
[20-11-18 22:50:14] [INFO] [DEBUG] RequestManager has been loaded. (took 0ms)
[20-11-18 22:50:14] [INFO] [DEBUG] Starting load of Teleport at 1605729014942
[20-11-18 22:50:14] [INFO] [DEBUG] Teleport has been loaded. (took 0ms)
[20-11-18 22:50:14] [INFO] [DEBUG] Starting load of ExtensionManager at 1605729014942
[20-11-18 22:50:14] [INFO] [DEBUG] ExtensionManager has been loaded. (took 0ms)
[20-11-18 22:50:17] [INFO] No updates were available. You are on the latest version!
[20-11-18 23:07:24] [INFO] [DEBUG] onDisable start -> 1605730044747

[20-11-18 23:07:24] [INFO] [DEBUG] Starting unload of ExtensionManager at 1605730044751
[20-11-18 23:07:24] [INFO] [DEBUG] ExtensionManager has been unloaded. (took 1ms)
[20-11-18 23:07:24] [INFO] [DEBUG] Starting unload of Teleport at 1605730044752
[20-11-18 23:07:24] [INFO] [DEBUG] Teleport has been unloaded. (took 0ms)
[20-11-18 23:07:24] [INFO] [DEBUG] Starting unload of RequestManager at 1605730044752
[20-11-18 23:07:24] [INFO] [DEBUG] RequestManager has been unloaded. (took 0ms)
[20-11-18 23:07:24] [INFO] [DEBUG] Starting unload of QueueSignManager at 1605730044752
[20-11-18 23:07:24] [INFO] [DEBUG] QueueSignManager has been unloaded. (took 3ms)
[20-11-18 23:07:24] [INFO] [DEBUG] Starting unload of QueueManager at 1605730044755
[20-11-18 23:07:24] [INFO] [DEBUG] QueueManager has been unloaded. (took 2ms)
[20-11-18 23:07:24] [INFO] [DEBUG] Starting unload of DuelManager at 1605730044757
[20-11-18 23:07:24] [INFO] [DEBUG] DuelManager has been unloaded. (took 1ms)
[20-11-18 23:07:24] [INFO] [DEBUG] Starting unload of InventoryManager at 1605730044758
[20-11-18 23:07:24] [INFO] [DEBUG] InventoryManager has been unloaded. (took 0ms)
[20-11-18 23:07:24] [INFO] [DEBUG] Starting unload of BettingManager at 1605730044758
[20-11-18 23:07:24] [INFO] [DEBUG] BettingManager has been unloaded. (took 0ms)
[20-11-18 23:07:24] [INFO] [DEBUG] Starting unload of SpectateManager at 1605730044758
[20-11-18 23:07:24] [INFO] [DEBUG] SpectateManager has been unloaded. (took 0ms)
[20-11-18 23:07:24] [INFO] [DEBUG] Starting unload of PlayerInfoManager at 1605730044758
[20-11-18 23:07:24] [INFO] [DEBUG] PlayerInfoManager has been unloaded. (took 0ms)
[20-11-18 23:07:24] [INFO] [DEBUG] Starting unload of SettingsManager at 1605730044758
[20-11-18 23:07:24] [INFO] [DEBUG] SettingsManager has been unloaded. (took 0ms)
[20-11-18 23:07:24] [INFO] [DEBUG] Starting unload of ArenaManager at 1605730044759
[20-11-18 23:07:24] [INFO] [DEBUG] ArenaManager has been unloaded. (took 0ms)
[20-11-18 23:07:24] [INFO] [DEBUG] Starting unload of KitManager at 1605730044759
[20-11-18 23:07:24] [INFO] [DEBUG] KitManager has been unloaded. (took 0ms)
[20-11-18 23:07:24] [INFO] [DEBUG] Starting unload of GuiListener at 1605730044759
[20-11-18 23:07:24] [INFO] [DEBUG] GuiListener has been unloaded. (took 4ms)
[20-11-18 23:07:24] [INFO] [DEBUG] Starting unload of UserManager at 1605730044763
[20-11-18 23:07:24] [INFO] [DEBUG] UserManager has been unloaded. (took 1ms)
[20-11-18 23:07:24] [INFO] [DEBUG] Starting unload of Lang at 1605730044764
[20-11-18 23:07:24] [INFO] [DEBUG] Lang has been unloaded. (took 0ms)
[20-11-18 23:07:24] [INFO] [DEBUG] Starting unload of Config at 1605730044764
[20-11-18 23:07:24] [INFO] [DEBUG] Config has been unloaded. (took 0ms)
[20-11-18 23:07:24] [INFO] [DEBUG] unload done (took 17ms)
[20-11-18 23:07:24] [INFO] [DEBUG] Log#clearSources done (took 0ms)
[20-11-18 23:07:40] [INFO] [DEBUG] onEnable start -> 1605730060195

[20-11-18 23:07:40] [INFO] [DEBUG] Starting load of Config at 1605730060307
[20-11-18 23:07:40] [INFO] [DEBUG] Config has been loaded. (took 12ms)
[20-11-18 23:07:40] [INFO] [DEBUG] Starting load of Lang at 1605730060319
[20-11-18 23:07:40] [INFO] [DEBUG] Lang has been loaded. (took 15ms)
[20-11-18 23:07:40] [INFO] [DEBUG] Starting load of UserManager at 1605730060335
[20-11-18 23:07:40] [INFO] [DEBUG] UserManager has been loaded. (took 0ms)
[20-11-18 23:07:40] [INFO] [DEBUG] Starting load of GuiListener at 1605730060335
[20-11-18 23:07:40] [INFO] [DEBUG] GuiListener has been loaded. (took 0ms)
[20-11-18 23:07:40] [INFO] [DEBUG] Starting load of KitManager at 1605730060335
[20-11-18 23:07:40] [INFO] KitManager: Loaded 0 kit(s).
[20-11-18 23:07:40] [INFO] [DEBUG] KitManager has been loaded. (took 30ms)
[20-11-18 23:07:40] [INFO] [DEBUG] Starting load of ArenaManager at 1605730060365
[20-11-18 23:07:40] [INFO] ArenaManager: Loaded 0 arena(s).
[20-11-18 23:07:40] [INFO] [DEBUG] ArenaManager has been loaded. (took 8ms)
[20-11-18 23:07:40] [INFO] [DEBUG] Starting load of SettingsManager at 1605730060373
[20-11-18 23:07:40] [INFO] [DEBUG] SettingsManager has been loaded. (took 1ms)
[20-11-18 23:07:40] [INFO] [DEBUG] Starting load of PlayerInfoManager at 1605730060374
[20-11-18 23:07:40] [INFO] PlayerInfoManager: Lobby location was not set, using world's spawn location as default. Use the command /duels setlobby in-game to set the lobby location.
[20-11-18 23:07:40] [INFO] [DEBUG] PlayerInfoManager has been loaded. (took 0ms)
[20-11-18 23:07:40] [INFO] [DEBUG] Starting load of SpectateManager at 1605730060374
[20-11-18 23:07:40] [INFO] [DEBUG] SpectateManager has been loaded. (took 0ms)
[20-11-18 23:07:40] [INFO] [DEBUG] Starting load of BettingManager at 1605730060374
[20-11-18 23:07:40] [INFO] [DEBUG] BettingManager has been loaded. (took 0ms)
[20-11-18 23:07:40] [INFO] [DEBUG] Starting load of InventoryManager at 1605730060374
[20-11-18 23:07:40] [INFO] [DEBUG] InventoryManager has been loaded. (took 0ms)
[20-11-18 23:07:40] [INFO] [DEBUG] Starting load of DuelManager at 1605730060374
[20-11-18 23:07:40] [INFO] [DEBUG] DuelManager has been loaded. (took 0ms)
[20-11-18 23:07:40] [INFO] [DEBUG] Starting load of QueueManager at 1605730060374
[20-11-18 23:07:40] [INFO] QueueManager: Loaded 0 queue(s).
[20-11-18 23:07:40] [INFO] [DEBUG] QueueManager has been loaded. (took 3ms)
[20-11-18 23:07:40] [INFO] [DEBUG] Starting load of QueueSignManager at 1605730060377
[20-11-18 23:07:40] [INFO] QueueSignManager: Loaded 0 queue sign(s).
[20-11-18 23:07:40] [INFO] [DEBUG] QueueSignManager has been loaded. (took 3ms)
[20-11-18 23:07:40] [INFO] [DEBUG] Starting load of RequestManager at 1605730060380
[20-11-18 23:07:40] [INFO] [DEBUG] RequestManager has been loaded. (took 0ms)
[20-11-18 23:07:40] [INFO] [DEBUG] Starting load of Teleport at 1605730060380
[20-11-18 23:07:40] [INFO] [DEBUG] Teleport has been loaded. (took 0ms)
[20-11-18 23:07:40] [INFO] [DEBUG] Starting load of ExtensionManager at 1605730060380
[20-11-18 23:07:40] [INFO] [DEBUG] ExtensionManager has been loaded. (took 0ms)
[20-11-18 23:07:42] [INFO] No updates were available. You are on the latest version!
[20-11-18 23:14:50] [INFO] [DEBUG] onDisable start -> 1605730490494

[20-11-18 23:14:50] [INFO] [DEBUG] Starting unload of ExtensionManager at 1605730490497
[20-11-18 23:14:50] [INFO] [DEBUG] ExtensionManager has been unloaded. (took 0ms)
[20-11-18 23:14:50] [INFO] [DEBUG] Starting unload of Teleport at 1605730490497
[20-11-18 23:14:50] [INFO] [DEBUG] Teleport has been unloaded. (took 0ms)
[20-11-18 23:14:50] [INFO] [DEBUG] Starting unload of RequestManager at 1605730490497
[20-11-18 23:14:50] [INFO] [DEBUG] RequestManager has been unloaded. (took 0ms)
[20-11-18 23:14:50] [INFO] [DEBUG] Starting unload of QueueSignManager at 1605730490497
[20-11-18 23:14:50] [INFO] [DEBUG] QueueSignManager has been unloaded. (took 4ms)
[20-11-18 23:14:50] [INFO] [DEBUG] Starting unload of QueueManager at 1605730490501
[20-11-18 23:14:50] [INFO] [DEBUG] QueueManager has been unloaded. (took 1ms)
[20-11-18 23:14:50] [INFO] [DEBUG] Starting unload of DuelManager at 1605730490502
[20-11-18 23:14:50] [INFO] [DEBUG] DuelManager has been unloaded. (took 0ms)
[20-11-18 23:14:50] [INFO] [DEBUG] Starting unload of InventoryManager at 1605730490503
[20-11-18 23:14:50] [INFO] [DEBUG] InventoryManager has been unloaded. (took 0ms)
[20-11-18 23:14:50] [INFO] [DEBUG] Starting unload of BettingManager at 1605730490503
[20-11-18 23:14:50] [INFO] [DEBUG] BettingManager has been unloaded. (took 0ms)
[20-11-18 23:14:50] [INFO] [DEBUG] Starting unload of SpectateManager at 1605730490503
[20-11-18 23:14:50] [INFO] [DEBUG] SpectateManager has been unloaded. (took 0ms)
[20-11-18 23:14:50] [INFO] [DEBUG] Starting unload of PlayerInfoManager at 1605730490503
[20-11-18 23:14:50] [INFO] [DEBUG] PlayerInfoManager has been unloaded. (took 0ms)
[20-11-18 23:14:50] [INFO] [DEBUG] Starting unload of SettingsManager at 1605730490503
[20-11-18 23:14:50] [INFO] [DEBUG] SettingsManager has been unloaded. (took 0ms)
[20-11-18 23:14:50] [INFO] [DEBUG] Starting unload of ArenaManager at 1605730490503
[20-11-18 23:14:50] [INFO] [DEBUG] ArenaManager has been unloaded. (took 0ms)
[20-11-18 23:14:50] [INFO] [DEBUG] Starting unload of KitManager at 1605730490503
[20-11-18 23:14:50] [INFO] [DEBUG] KitManager has been unloaded. (took 0ms)
[20-11-18 23:14:50] [INFO] [DEBUG] Starting unload of GuiListener at 1605730490503
[20-11-18 23:14:50] [INFO] [DEBUG] GuiListener has been unloaded. (took 1ms)
[20-11-18 23:14:50] [INFO] [DEBUG] Starting unload of UserManager at 1605730490504
[20-11-18 23:14:50] [INFO] [DEBUG] UserManager has been unloaded. (took 0ms)
[20-11-18 23:14:50] [INFO] [DEBUG] Starting unload of Lang at 1605730490504
[20-11-18 23:14:50] [INFO] [DEBUG] Lang has been unloaded. (took 0ms)
[20-11-18 23:14:50] [INFO] [DEBUG] Starting unload of Config at 1605730490504
[20-11-18 23:14:50] [INFO] [DEBUG] Config has been unloaded. (took 0ms)
[20-11-18 23:14:50] [INFO] [DEBUG] unload done (took 10ms)
[20-11-18 23:14:50] [INFO] [DEBUG] Log#clearSources done (took 0ms)
[20-11-18 23:15:03] [INFO] [DEBUG] onEnable start -> 1605730503440

[20-11-18 23:15:03] [INFO] [DEBUG] Starting load of Config at 1605730503570
[20-11-18 23:15:03] [INFO] [DEBUG] Config has been loaded. (took 11ms)
[20-11-18 23:15:03] [INFO] [DEBUG] Starting load of Lang at 1605730503582
[20-11-18 23:15:03] [INFO] [DEBUG] Lang has been loaded. (took 12ms)
[20-11-18 23:15:03] [INFO] [DEBUG] Starting load of UserManager at 1605730503594
[20-11-18 23:15:03] [INFO] [DEBUG] UserManager has been loaded. (took 1ms)
[20-11-18 23:15:03] [INFO] [DEBUG] Starting load of GuiListener at 1605730503595
[20-11-18 23:15:03] [INFO] [DEBUG] GuiListener has been loaded. (took 0ms)
[20-11-18 23:15:03] [INFO] [DEBUG] Starting load of KitManager at 1605730503595
[20-11-18 23:15:03] [INFO] KitManager: Loaded 0 kit(s).
[20-11-18 23:15:03] [INFO] [DEBUG] KitManager has been loaded. (took 30ms)
[20-11-18 23:15:03] [INFO] [DEBUG] Starting load of ArenaManager at 1605730503625
[20-11-18 23:15:03] [INFO] ArenaManager: Loaded 0 arena(s).
[20-11-18 23:15:03] [INFO] [DEBUG] ArenaManager has been loaded. (took 8ms)
[20-11-18 23:15:03] [INFO] [DEBUG] Starting load of SettingsManager at 1605730503633
[20-11-18 23:15:03] [INFO] [DEBUG] SettingsManager has been loaded. (took 0ms)
[20-11-18 23:15:03] [INFO] [DEBUG] Starting load of PlayerInfoManager at 1605730503633
[20-11-18 23:15:03] [INFO] PlayerInfoManager: Lobby location was not set, using world's spawn location as default. Use the command /duels setlobby in-game to set the lobby location.
[20-11-18 23:15:03] [INFO] [DEBUG] PlayerInfoManager has been loaded. (took 0ms)
[20-11-18 23:15:03] [INFO] [DEBUG] Starting load of SpectateManager at 1605730503633
[20-11-18 23:15:03] [INFO] [DEBUG] SpectateManager has been loaded. (took 0ms)
[20-11-18 23:15:03] [INFO] [DEBUG] Starting load of BettingManager at 1605730503633
[20-11-18 23:15:03] [INFO] [DEBUG] BettingManager has been loaded. (took 0ms)
[20-11-18 23:15:03] [INFO] [DEBUG] Starting load of InventoryManager at 1605730503633
[20-11-18 23:15:03] [INFO] [DEBUG] InventoryManager has been loaded. (took 0ms)
[20-11-18 23:15:03] [INFO] [DEBUG] Starting load of DuelManager at 1605730503633
[20-11-18 23:15:03] [INFO] [DEBUG] DuelManager has been loaded. (took 0ms)
[20-11-18 23:15:03] [INFO] [DEBUG] Starting load of QueueManager at 1605730503633
[20-11-18 23:15:03] [INFO] QueueManager: Loaded 0 queue(s).
[20-11-18 23:15:03] [INFO] [DEBUG] QueueManager has been loaded. (took 3ms)
[20-11-18 23:15:03] [INFO] [DEBUG] Starting load of QueueSignManager at 1605730503636
[20-11-18 23:15:03] [INFO] QueueSignManager: Loaded 0 queue sign(s).
[20-11-18 23:15:03] [INFO] [DEBUG] QueueSignManager has been loaded. (took 1ms)
[20-11-18 23:15:03] [INFO] [DEBUG] Starting load of RequestManager at 1605730503637
[20-11-18 23:15:03] [INFO] [DEBUG] RequestManager has been loaded. (took 1ms)
[20-11-18 23:15:03] [INFO] [DEBUG] Starting load of Teleport at 1605730503638
[20-11-18 23:15:03] [INFO] [DEBUG] Teleport has been loaded. (took 0ms)
[20-11-18 23:15:03] [INFO] [DEBUG] Starting load of ExtensionManager at 1605730503638
[20-11-18 23:15:03] [INFO] [DEBUG] ExtensionManager has been loaded. (took 0ms)
[20-11-18 23:15:05] [INFO] No updates were available. You are on the latest version!
[20-11-18 23:18:34] [INFO] [DEBUG] onDisable start -> 1605730714638

[20-11-18 23:18:34] [INFO] [DEBUG] Starting unload of ExtensionManager at 1605730714643
[20-11-18 23:18:34] [INFO] [DEBUG] ExtensionManager has been unloaded. (took 1ms)
[20-11-18 23:18:34] [INFO] [DEBUG] Starting unload of Teleport at 1605730714644
[20-11-18 23:18:34] [INFO] [DEBUG] Teleport has been unloaded. (took 0ms)
[20-11-18 23:18:34] [INFO] [DEBUG] Starting unload of RequestManager at 1605730714644
[20-11-18 23:18:34] [INFO] [DEBUG] RequestManager has been unloaded. (took 0ms)
[20-11-18 23:18:34] [INFO] [DEBUG] Starting unload of QueueSignManager at 1605730714644
[20-11-18 23:18:34] [INFO] [DEBUG] QueueSignManager has been unloaded. (took 2ms)
[20-11-18 23:18:34] [INFO] [DEBUG] Starting unload of QueueManager at 1605730714646
[20-11-18 23:18:34] [INFO] [DEBUG] QueueManager has been unloaded. (took 0ms)
[20-11-18 23:18:34] [INFO] [DEBUG] Starting unload of DuelManager at 1605730714646
[20-11-18 23:18:34] [INFO] [DEBUG] DuelManager has been unloaded. (took 1ms)
[20-11-18 23:18:34] [INFO] [DEBUG] Starting unload of InventoryManager at 1605730714647
[20-11-18 23:18:34] [INFO] [DEBUG] InventoryManager has been unloaded. (took 0ms)
[20-11-18 23:18:34] [INFO] [DEBUG] Starting unload of BettingManager at 1605730714647
[20-11-18 23:18:34] [INFO] [DEBUG] BettingManager has been unloaded. (took 0ms)
[20-11-18 23:18:34] [INFO] [DEBUG] Starting unload of SpectateManager at 1605730714647
[20-11-18 23:18:34] [INFO] [DEBUG] SpectateManager has been unloaded. (took 0ms)
[20-11-18 23:18:34] [INFO] [DEBUG] Starting unload of PlayerInfoManager at 1605730714647
[20-11-18 23:18:34] [INFO] [DEBUG] PlayerInfoManager has been unloaded. (took 0ms)
[20-11-18 23:18:34] [INFO] [DEBUG] Starting unload of SettingsManager at 1605730714647
[20-11-18 23:18:34] [INFO] [DEBUG] SettingsManager has been unloaded. (took 0ms)
[20-11-18 23:18:34] [INFO] [DEBUG] Starting unload of ArenaManager at 1605730714647
[20-11-18 23:18:34] [INFO] [DEBUG] ArenaManager has been unloaded. (took 0ms)
[20-11-18 23:18:34] [INFO] [DEBUG] Starting unload of KitManager at 1605730714647
[20-11-18 23:18:34] [INFO] [DEBUG] KitManager has been unloaded. (took 1ms)
[20-11-18 23:18:34] [INFO] [DEBUG] Starting unload of GuiListener at 1605730714648
[20-11-18 23:18:34] [INFO] [DEBUG] GuiListener has been unloaded. (took 1ms)
[20-11-18 23:18:34] [INFO] [DEBUG] Starting unload of UserManager at 1605730714649
[20-11-18 23:18:34] [INFO] [DEBUG] UserManager has been unloaded. (took 0ms)
[20-11-18 23:18:34] [INFO] [DEBUG] Starting unload of Lang at 1605730714649
[20-11-18 23:18:34] [INFO] [DEBUG] Lang has been unloaded. (took 0ms)
[20-11-18 23:18:34] [INFO] [DEBUG] Starting unload of Config at 1605730714650
[20-11-18 23:18:34] [INFO] [DEBUG] Config has been unloaded. (took 0ms)
[20-11-18 23:18:34] [INFO] [DEBUG] unload done (took 12ms)
[20-11-18 23:18:34] [INFO] [DEBUG] Log#clearSources done (took 0ms)
[20-11-18 23:18:50] [INFO] [DEBUG] onEnable start -> 1605730730830

[20-11-18 23:18:50] [INFO] [DEBUG] Starting load of Config at 1605730730946
[20-11-18 23:18:50] [INFO] [DEBUG] Config has been loaded. (took 12ms)
[20-11-18 23:18:50] [INFO] [DEBUG] Starting load of Lang at 1605730730958
[20-11-18 23:18:50] [INFO] [DEBUG] Lang has been loaded. (took 12ms)
[20-11-18 23:18:50] [INFO] [DEBUG] Starting load of UserManager at 1605730730970
[20-11-18 23:18:50] [INFO] [DEBUG] UserManager has been loaded. (took 0ms)
[20-11-18 23:18:50] [INFO] [DEBUG] Starting load of GuiListener at 1605730730970
[20-11-18 23:18:50] [INFO] [DEBUG] GuiListener has been loaded. (took 0ms)
[20-11-18 23:18:50] [INFO] [DEBUG] Starting load of KitManager at 1605730730970
[20-11-18 23:18:50] [INFO] KitManager: Loaded 0 kit(s).
[20-11-18 23:18:51] [INFO] [DEBUG] KitManager has been loaded. (took 31ms)
[20-11-18 23:18:51] [INFO] [DEBUG] Starting load of ArenaManager at 1605730731001
[20-11-18 23:18:51] [INFO] ArenaManager: Loaded 0 arena(s).
[20-11-18 23:18:51] [INFO] [DEBUG] ArenaManager has been loaded. (took 7ms)
[20-11-18 23:18:51] [INFO] [DEBUG] Starting load of SettingsManager at 1605730731008
[20-11-18 23:18:51] [INFO] [DEBUG] SettingsManager has been loaded. (took 0ms)
[20-11-18 23:18:51] [INFO] [DEBUG] Starting load of PlayerInfoManager at 1605730731008
[20-11-18 23:18:51] [INFO] PlayerInfoManager: Lobby location was not set, using world's spawn location as default. Use the command /duels setlobby in-game to set the lobby location.
[20-11-18 23:18:51] [INFO] [DEBUG] PlayerInfoManager has been loaded. (took 0ms)
[20-11-18 23:18:51] [INFO] [DEBUG] Starting load of SpectateManager at 1605730731008
[20-11-18 23:18:51] [INFO] [DEBUG] SpectateManager has been loaded. (took 0ms)
[20-11-18 23:18:51] [INFO] [DEBUG] Starting load of BettingManager at 1605730731008
[20-11-18 23:18:51] [INFO] [DEBUG] BettingManager has been loaded. (took 0ms)
[20-11-18 23:18:51] [INFO] [DEBUG] Starting load of InventoryManager at 1605730731008
[20-11-18 23:18:51] [INFO] [DEBUG] InventoryManager has been loaded. (took 0ms)
[20-11-18 23:18:51] [INFO] [DEBUG] Starting load of DuelManager at 1605730731009
[20-11-18 23:18:51] [INFO] [DEBUG] DuelManager has been loaded. (took 0ms)
[20-11-18 23:18:51] [INFO] [DEBUG] Starting load of QueueManager at 1605730731009
[20-11-18 23:18:51] [INFO] QueueManager: Loaded 0 queue(s).
[20-11-18 23:18:51] [INFO] [DEBUG] QueueManager has been loaded. (took 2ms)
[20-11-18 23:18:51] [INFO] [DEBUG] Starting load of QueueSignManager at 1605730731011
[20-11-18 23:18:51] [INFO] QueueSignManager: Loaded 0 queue sign(s).
[20-11-18 23:18:51] [INFO] [DEBUG] QueueSignManager has been loaded. (took 2ms)
[20-11-18 23:18:51] [INFO] [DEBUG] Starting load of RequestManager at 1605730731013
[20-11-18 23:18:51] [INFO] [DEBUG] RequestManager has been loaded. (took 0ms)
[20-11-18 23:18:51] [INFO] [DEBUG] Starting load of Teleport at 1605730731013
[20-11-18 23:18:51] [INFO] [DEBUG] Teleport has been loaded. (took 0ms)
[20-11-18 23:18:51] [INFO] [DEBUG] Starting load of ExtensionManager at 1605730731013
[20-11-18 23:18:51] [INFO] [DEBUG] ExtensionManager has been loaded. (took 0ms)
[20-11-18 23:18:52] [INFO] No updates were available. You are on the latest version!
[20-11-18 23:25:35] [INFO] [DEBUG] onDisable start -> 1605731135251

[20-11-18 23:25:35] [INFO] [DEBUG] Starting unload of ExtensionManager at 1605731135254
[20-11-18 23:25:35] [INFO] [DEBUG] ExtensionManager has been unloaded. (took 0ms)
[20-11-18 23:25:35] [INFO] [DEBUG] Starting unload of Teleport at 1605731135254
[20-11-18 23:25:35] [INFO] [DEBUG] Teleport has been unloaded. (took 0ms)
[20-11-18 23:25:35] [INFO] [DEBUG] Starting unload of RequestManager at 1605731135254
[20-11-18 23:25:35] [INFO] [DEBUG] RequestManager has been unloaded. (took 0ms)
[20-11-18 23:25:35] [INFO] [DEBUG] Starting unload of QueueSignManager at 1605731135255
[20-11-18 23:25:35] [INFO] [DEBUG] QueueSignManager has been unloaded. (took 3ms)
[20-11-18 23:25:35] [INFO] [DEBUG] Starting unload of QueueManager at 1605731135258
[20-11-18 23:25:35] [INFO] [DEBUG] QueueManager has been unloaded. (took 8ms)
[20-11-18 23:25:35] [INFO] [DEBUG] Starting unload of DuelManager at 1605731135266
[20-11-18 23:25:35] [INFO] [DEBUG] DuelManager has been unloaded. (took 1ms)
[20-11-18 23:25:35] [INFO] [DEBUG] Starting unload of InventoryManager at 1605731135267
[20-11-18 23:25:35] [INFO] [DEBUG] InventoryManager has been unloaded. (took 0ms)
[20-11-18 23:25:35] [INFO] [DEBUG] Starting unload of BettingManager at 1605731135267
[20-11-18 23:25:35] [INFO] [DEBUG] BettingManager has been unloaded. (took 0ms)
[20-11-18 23:25:35] [INFO] [DEBUG] Starting unload of SpectateManager at 1605731135267
[20-11-18 23:25:35] [INFO] [DEBUG] SpectateManager has been unloaded. (took 0ms)
[20-11-18 23:25:35] [INFO] [DEBUG] Starting unload of PlayerInfoManager at 1605731135267
[20-11-18 23:25:35] [INFO] [DEBUG] PlayerInfoManager has been unloaded. (took 0ms)
[20-11-18 23:25:35] [INFO] [DEBUG] Starting unload of SettingsManager at 1605731135267
[20-11-18 23:25:35] [INFO] [DEBUG] SettingsManager has been unloaded. (took 0ms)
[20-11-18 23:25:35] [INFO] [DEBUG] Starting unload of ArenaManager at 1605731135267
[20-11-18 23:25:35] [INFO] [DEBUG] ArenaManager has been unloaded. (took 1ms)
[20-11-18 23:25:35] [INFO] [DEBUG] Starting unload of KitManager at 1605731135268
[20-11-18 23:25:35] [INFO] [DEBUG] KitManager has been unloaded. (took 0ms)
[20-11-18 23:25:35] [INFO] [DEBUG] Starting unload of GuiListener at 1605731135268
[20-11-18 23:25:35] [INFO] [DEBUG] GuiListener has been unloaded. (took 0ms)
[20-11-18 23:25:35] [INFO] [DEBUG] Starting unload of UserManager at 1605731135268
[20-11-18 23:25:35] [INFO] [DEBUG] UserManager has been unloaded. (took 1ms)
[20-11-18 23:25:35] [INFO] [DEBUG] Starting unload of Lang at 1605731135269
[20-11-18 23:25:35] [INFO] [DEBUG] Lang has been unloaded. (took 0ms)
[20-11-18 23:25:35] [INFO] [DEBUG] Starting unload of Config at 1605731135269
[20-11-18 23:25:35] [INFO] [DEBUG] Config has been unloaded. (took 0ms)
[20-11-18 23:25:35] [INFO] [DEBUG] unload done (took 18ms)
[20-11-18 23:25:35] [INFO] [DEBUG] Log#clearSources done (took 0ms)
[20-11-18 23:28:57] [INFO] [DEBUG] onEnable start -> 1605731337764

[20-11-18 23:28:57] [INFO] [DEBUG] Starting load of Config at 1605731337870
[20-11-18 23:28:57] [INFO] [DEBUG] Config has been loaded. (took 12ms)
[20-11-18 23:28:57] [INFO] [DEBUG] Starting load of Lang at 1605731337882
[20-11-18 23:28:57] [INFO] [DEBUG] Lang has been loaded. (took 13ms)
[20-11-18 23:28:57] [INFO] [DEBUG] Starting load of UserManager at 1605731337896
[20-11-18 23:28:57] [INFO] [DEBUG] UserManager has been loaded. (took 0ms)
[20-11-18 23:28:57] [INFO] [DEBUG] Starting load of GuiListener at 1605731337896
[20-11-18 23:28:57] [INFO] [DEBUG] GuiListener has been loaded. (took 1ms)
[20-11-18 23:28:57] [INFO] [DEBUG] Starting load of KitManager at 1605731337897
[20-11-18 23:28:57] [INFO] KitManager: Loaded 0 kit(s).
[20-11-18 23:28:57] [INFO] [DEBUG] KitManager has been loaded. (took 27ms)
[20-11-18 23:28:57] [INFO] [DEBUG] Starting load of ArenaManager at 1605731337924
[20-11-18 23:28:57] [INFO] ArenaManager: Loaded 0 arena(s).
[20-11-18 23:28:57] [INFO] [DEBUG] ArenaManager has been loaded. (took 7ms)
[20-11-18 23:28:57] [INFO] [DEBUG] Starting load of SettingsManager at 1605731337931
[20-11-18 23:28:57] [INFO] [DEBUG] SettingsManager has been loaded. (took 0ms)
[20-11-18 23:28:57] [INFO] [DEBUG] Starting load of PlayerInfoManager at 1605731337931
[20-11-18 23:28:57] [INFO] PlayerInfoManager: Lobby location was not set, using world's spawn location as default. Use the command /duels setlobby in-game to set the lobby location.
[20-11-18 23:28:57] [INFO] [DEBUG] PlayerInfoManager has been loaded. (took 0ms)
[20-11-18 23:28:57] [INFO] [DEBUG] Starting load of SpectateManager at 1605731337931
[20-11-18 23:28:57] [INFO] [DEBUG] SpectateManager has been loaded. (took 0ms)
[20-11-18 23:28:57] [INFO] [DEBUG] Starting load of BettingManager at 1605731337931
[20-11-18 23:28:57] [INFO] [DEBUG] BettingManager has been loaded. (took 0ms)
[20-11-18 23:28:57] [INFO] [DEBUG] Starting load of InventoryManager at 1605731337931
[20-11-18 23:28:57] [INFO] [DEBUG] InventoryManager has been loaded. (took 1ms)
[20-11-18 23:28:57] [INFO] [DEBUG] Starting load of DuelManager at 1605731337932
[20-11-18 23:28:57] [INFO] [DEBUG] DuelManager has been loaded. (took 0ms)
[20-11-18 23:28:57] [INFO] [DEBUG] Starting load of QueueManager at 1605731337932
[20-11-18 23:28:57] [INFO] QueueManager: Loaded 0 queue(s).
[20-11-18 23:28:57] [INFO] [DEBUG] QueueManager has been loaded. (took 2ms)
[20-11-18 23:28:57] [INFO] [DEBUG] Starting load of QueueSignManager at 1605731337934
[20-11-18 23:28:57] [INFO] QueueSignManager: Loaded 0 queue sign(s).
[20-11-18 23:28:57] [INFO] [DEBUG] QueueSignManager has been loaded. (took 2ms)
[20-11-18 23:28:57] [INFO] [DEBUG] Starting load of RequestManager at 1605731337936
[20-11-18 23:28:57] [INFO] [DEBUG] RequestManager has been loaded. (took 0ms)
[20-11-18 23:28:57] [INFO] [DEBUG] Starting load of Teleport at 1605731337936
[20-11-18 23:28:57] [INFO] [DEBUG] Teleport has been loaded. (took 1ms)
[20-11-18 23:28:57] [INFO] [DEBUG] Starting load of ExtensionManager at 1605731337937
[20-11-18 23:28:57] [INFO] [DEBUG] ExtensionManager has been loaded. (took 0ms)
[20-11-18 23:28:59] [INFO] No updates were available. You are on the latest version!
[20-11-19 00:23:13] [INFO] [DEBUG] onDisable start -> 1605734593807

[20-11-19 00:23:13] [INFO] [DEBUG] Starting unload of ExtensionManager at 1605734593810
[20-11-19 00:23:13] [INFO] [DEBUG] ExtensionManager has been unloaded. (took 0ms)
[20-11-19 00:23:13] [INFO] [DEBUG] Starting unload of Teleport at 1605734593810
[20-11-19 00:23:13] [INFO] [DEBUG] Teleport has been unloaded. (took 0ms)
[20-11-19 00:23:13] [INFO] [DEBUG] Starting unload of RequestManager at 1605734593810
[20-11-19 00:23:13] [INFO] [DEBUG] RequestManager has been unloaded. (took 0ms)
[20-11-19 00:23:13] [INFO] [DEBUG] Starting unload of QueueSignManager at 1605734593810
[20-11-19 00:23:14] [INFO] [DEBUG] QueueSignManager has been unloaded. (took 209ms)
[20-11-19 00:23:14] [INFO] [DEBUG] Starting unload of QueueManager at 1605734594020
[20-11-19 00:23:14] [INFO] [DEBUG] QueueManager has been unloaded. (took 1ms)
[20-11-19 00:23:14] [INFO] [DEBUG] Starting unload of DuelManager at 1605734594021
[20-11-19 00:23:14] [INFO] [DEBUG] DuelManager has been unloaded. (took 0ms)
[20-11-19 00:23:14] [INFO] [DEBUG] Starting unload of InventoryManager at 1605734594022
[20-11-19 00:23:14] [INFO] [DEBUG] InventoryManager has been unloaded. (took 0ms)
[20-11-19 00:23:14] [INFO] [DEBUG] Starting unload of BettingManager at 1605734594022
[20-11-19 00:23:14] [INFO] [DEBUG] BettingManager has been unloaded. (took 0ms)
[20-11-19 00:23:14] [INFO] [DEBUG] Starting unload of SpectateManager at 1605734594022
[20-11-19 00:23:14] [INFO] [DEBUG] SpectateManager has been unloaded. (took 0ms)
[20-11-19 00:23:14] [INFO] [DEBUG] Starting unload of PlayerInfoManager at 1605734594022
[20-11-19 00:23:14] [INFO] [DEBUG] PlayerInfoManager has been unloaded. (took 0ms)
[20-11-19 00:23:14] [INFO] [DEBUG] Starting unload of SettingsManager at 1605734594022
[20-11-19 00:23:14] [INFO] [DEBUG] SettingsManager has been unloaded. (took 0ms)
[20-11-19 00:23:14] [INFO] [DEBUG] Starting unload of ArenaManager at 1605734594022
[20-11-19 00:23:14] [INFO] [DEBUG] ArenaManager has been unloaded. (took 0ms)
[20-11-19 00:23:14] [INFO] [DEBUG] Starting unload of KitManager at 1605734594022
[20-11-19 00:23:14] [INFO] [DEBUG] KitManager has been unloaded. (took 1ms)
[20-11-19 00:23:14] [INFO] [DEBUG] Starting unload of GuiListener at 1605734594023
[20-11-19 00:23:14] [INFO] [DEBUG] GuiListener has been unloaded. (took 0ms)
[20-11-19 00:23:14] [INFO] [DEBUG] Starting unload of UserManager at 1605734594023
[20-11-19 00:23:14] [INFO] [DEBUG] UserManager has been unloaded. (took 0ms)
[20-11-19 00:23:14] [INFO] [DEBUG] Starting unload of Lang at 1605734594024
[20-11-19 00:23:14] [INFO] [DEBUG] Lang has been unloaded. (took 0ms)
[20-11-19 00:23:14] [INFO] [DEBUG] Starting unload of Config at 1605734594024
[20-11-19 00:23:14] [INFO] [DEBUG] Config has been unloaded. (took 0ms)
[20-11-19 00:23:14] [INFO] [DEBUG] unload done (took 217ms)
[20-11-19 00:23:14] [INFO] [DEBUG] Log#clearSources done (took 0ms)
