[20-11-21 22:44:43] [INFO] [DEBUG] onEnable start -> 1605987883474

[20-11-21 22:44:43] [INFO] [DEBUG] Starting load of Config at 1605987883572
[20-11-21 22:44:43] [INFO] [DEBUG] Config has been loaded. (took 11ms)
[20-11-21 22:44:43] [INFO] [DEBUG] Starting load of Lang at 1605987883583
[20-11-21 22:44:43] [INFO] [DEBUG] Lang has been loaded. (took 12ms)
[20-11-21 22:44:43] [INFO] [DEBUG] Starting load of UserManager at 1605987883595
[20-11-21 22:44:43] [INFO] [DEBUG] UserManager has been loaded. (took 1ms)
[20-11-21 22:44:43] [INFO] [DEBUG] Starting load of GuiListener at 1605987883596
[20-11-21 22:44:43] [INFO] [DEBUG] GuiListener has been loaded. (took 0ms)
[20-11-21 22:44:43] [INFO] [DEBUG] Starting load of KitManager at 1605987883596
[20-11-21 22:44:43] [INFO] KitManager: Loaded 0 kit(s).
[20-11-21 22:44:43] [INFO] [DEBUG] KitManager has been loaded. (took 28ms)
[20-11-21 22:44:43] [INFO] [DEBUG] Starting load of ArenaManager at 1605987883624
[20-11-21 22:44:43] [INFO] ArenaManager: Loaded 0 arena(s).
[20-11-21 22:44:43] [INFO] [DEBUG] ArenaManager has been loaded. (took 7ms)
[20-11-21 22:44:43] [INFO] [DEBUG] Starting load of SettingsManager at 1605987883631
[20-11-21 22:44:43] [INFO] [DEBUG] SettingsManager has been loaded. (took 0ms)
[20-11-21 22:44:43] [INFO] [DEBUG] Starting load of PlayerInfoManager at 1605987883631
[20-11-21 22:44:43] [INFO] PlayerInfoManager: Lobby location was not set, using world's spawn location as default. Use the command /duels setlobby in-game to set the lobby location.
[20-11-21 22:44:43] [INFO] [DEBUG] PlayerInfoManager has been loaded. (took 1ms)
[20-11-21 22:44:43] [INFO] [DEBUG] Starting load of SpectateManager at 1605987883632
[20-11-21 22:44:43] [INFO] [DEBUG] SpectateManager has been loaded. (took 0ms)
[20-11-21 22:44:43] [INFO] [DEBUG] Starting load of BettingManager at 1605987883632
[20-11-21 22:44:43] [INFO] [DEBUG] BettingManager has been loaded. (took 0ms)
[20-11-21 22:44:43] [INFO] [DEBUG] Starting load of InventoryManager at 1605987883632
[20-11-21 22:44:43] [INFO] [DEBUG] InventoryManager has been loaded. (took 0ms)
[20-11-21 22:44:43] [INFO] [DEBUG] Starting load of DuelManager at 1605987883632
[20-11-21 22:44:43] [INFO] [DEBUG] DuelManager has been loaded. (took 0ms)
[20-11-21 22:44:43] [INFO] [DEBUG] Starting load of QueueManager at 1605987883632
[20-11-21 22:44:43] [INFO] QueueManager: Loaded 0 queue(s).
[20-11-21 22:44:43] [INFO] [DEBUG] QueueManager has been loaded. (took 3ms)
[20-11-21 22:44:43] [INFO] [DEBUG] Starting load of QueueSignManager at 1605987883635
[20-11-21 22:44:43] [INFO] QueueSignManager: Loaded 0 queue sign(s).
[20-11-21 22:44:43] [INFO] [DEBUG] QueueSignManager has been loaded. (took 2ms)
[20-11-21 22:44:43] [INFO] [DEBUG] Starting load of RequestManager at 1605987883637
[20-11-21 22:44:43] [INFO] [DEBUG] RequestManager has been loaded. (took 0ms)
[20-11-21 22:44:43] [INFO] [DEBUG] Starting load of Teleport at 1605987883637
[20-11-21 22:44:43] [INFO] [DEBUG] Teleport has been loaded. (took 0ms)
[20-11-21 22:44:43] [INFO] [DEBUG] Starting load of ExtensionManager at 1605987883637
[20-11-21 22:44:43] [INFO] [DEBUG] ExtensionManager has been loaded. (took 1ms)
[20-11-21 22:44:45] [WARNING] UserManager: Could not load userdata from file: f2e7832e-00bf-3cdd-9d75-c0bba3957fbd.json
[20-11-21 22:44:46] [INFO] No updates were available. You are on the latest version!
[20-11-21 22:59:46] [INFO] [DEBUG] onDisable start -> 1605988786174

[20-11-21 22:59:46] [INFO] [DEBUG] Starting unload of ExtensionManager at 1605988786177
[20-11-21 22:59:46] [INFO] [DEBUG] ExtensionManager has been unloaded. (took 1ms)
[20-11-21 22:59:46] [INFO] [DEBUG] Starting unload of Teleport at 1605988786178
[20-11-21 22:59:46] [INFO] [DEBUG] Teleport has been unloaded. (took 0ms)
[20-11-21 22:59:46] [INFO] [DEBUG] Starting unload of RequestManager at 1605988786178
[20-11-21 22:59:46] [INFO] [DEBUG] RequestManager has been unloaded. (took 0ms)
[20-11-21 22:59:46] [INFO] [DEBUG] Starting unload of QueueSignManager at 1605988786178
[20-11-21 22:59:46] [INFO] [DEBUG] QueueSignManager has been unloaded. (took 0ms)
[20-11-21 22:59:46] [INFO] [DEBUG] Starting unload of QueueManager at 1605988786178
[20-11-21 22:59:46] [INFO] [DEBUG] QueueManager has been unloaded. (took 1ms)
[20-11-21 22:59:46] [INFO] [DEBUG] Starting unload of DuelManager at 1605988786179
[20-11-21 22:59:46] [INFO] [DEBUG] DuelManager has been unloaded. (took 1ms)
[20-11-21 22:59:46] [INFO] [DEBUG] Starting unload of InventoryManager at 1605988786180
[20-11-21 22:59:46] [INFO] [DEBUG] InventoryManager has been unloaded. (took 0ms)
[20-11-21 22:59:46] [INFO] [DEBUG] Starting unload of BettingManager at 1605988786180
[20-11-21 22:59:46] [INFO] [DEBUG] BettingManager has been unloaded. (took 0ms)
[20-11-21 22:59:46] [INFO] [DEBUG] Starting unload of SpectateManager at 1605988786180
[20-11-21 22:59:46] [INFO] [DEBUG] SpectateManager has been unloaded. (took 0ms)
[20-11-21 22:59:46] [INFO] [DEBUG] Starting unload of PlayerInfoManager at 1605988786180
[20-11-21 22:59:46] [INFO] [DEBUG] PlayerInfoManager has been unloaded. (took 0ms)
[20-11-21 22:59:46] [INFO] [DEBUG] Starting unload of SettingsManager at 1605988786180
[20-11-21 22:59:46] [INFO] [DEBUG] SettingsManager has been unloaded. (took 0ms)
[20-11-21 22:59:46] [INFO] [DEBUG] Starting unload of ArenaManager at 1605988786180
[20-11-21 22:59:46] [INFO] [DEBUG] ArenaManager has been unloaded. (took 0ms)
[20-11-21 22:59:46] [INFO] [DEBUG] Starting unload of KitManager at 1605988786180
[20-11-21 22:59:46] [INFO] [DEBUG] KitManager has been unloaded. (took 0ms)
[20-11-21 22:59:46] [INFO] [DEBUG] Starting unload of GuiListener at 1605988786180
[20-11-21 22:59:46] [INFO] [DEBUG] GuiListener has been unloaded. (took 1ms)
[20-11-21 22:59:46] [INFO] [DEBUG] Starting unload of UserManager at 1605988786181
[20-11-21 22:59:46] [INFO] [DEBUG] UserManager has been unloaded. (took 1ms)
[20-11-21 22:59:46] [INFO] [DEBUG] Starting unload of Lang at 1605988786182
[20-11-21 22:59:46] [INFO] [DEBUG] Lang has been unloaded. (took 0ms)
[20-11-21 22:59:46] [INFO] [DEBUG] Starting unload of Config at 1605988786182
[20-11-21 22:59:46] [INFO] [DEBUG] Config has been unloaded. (took 0ms)
[20-11-21 22:59:46] [INFO] [DEBUG] unload done (took 8ms)
[20-11-21 22:59:46] [INFO] [DEBUG] Log#clearSources done (took 0ms)
[20-11-21 23:00:56] [INFO] [DEBUG] onEnable start -> 1605988856731

[20-11-21 23:00:56] [INFO] [DEBUG] Starting load of Config at 1605988856836
[20-11-21 23:00:56] [INFO] [DEBUG] Config has been loaded. (took 19ms)
[20-11-21 23:00:56] [INFO] [DEBUG] Starting load of Lang at 1605988856855
[20-11-21 23:00:56] [INFO] [DEBUG] Lang has been loaded. (took 18ms)
[20-11-21 23:00:56] [INFO] [DEBUG] Starting load of UserManager at 1605988856873
[20-11-21 23:00:56] [INFO] [DEBUG] UserManager has been loaded. (took 1ms)
[20-11-21 23:00:56] [INFO] [DEBUG] Starting load of GuiListener at 1605988856874
[20-11-21 23:00:56] [INFO] [DEBUG] GuiListener has been loaded. (took 0ms)
[20-11-21 23:00:56] [INFO] [DEBUG] Starting load of KitManager at 1605988856874
[20-11-21 23:00:56] [INFO] KitManager: Loaded 0 kit(s).
[20-11-21 23:00:56] [INFO] [DEBUG] KitManager has been loaded. (took 34ms)
[20-11-21 23:00:56] [INFO] [DEBUG] Starting load of ArenaManager at 1605988856908
[20-11-21 23:00:56] [INFO] ArenaManager: Loaded 0 arena(s).
[20-11-21 23:00:56] [INFO] [DEBUG] ArenaManager has been loaded. (took 10ms)
[20-11-21 23:00:56] [INFO] [DEBUG] Starting load of SettingsManager at 1605988856918
[20-11-21 23:00:56] [INFO] [DEBUG] SettingsManager has been loaded. (took 0ms)
[20-11-21 23:00:56] [INFO] [DEBUG] Starting load of PlayerInfoManager at 1605988856918
[20-11-21 23:00:56] [INFO] PlayerInfoManager: Lobby location was not set, using world's spawn location as default. Use the command /duels setlobby in-game to set the lobby location.
[20-11-21 23:00:56] [INFO] [DEBUG] PlayerInfoManager has been loaded. (took 1ms)
[20-11-21 23:00:56] [INFO] [DEBUG] Starting load of SpectateManager at 1605988856919
[20-11-21 23:00:56] [INFO] [DEBUG] SpectateManager has been loaded. (took 0ms)
[20-11-21 23:00:56] [INFO] [DEBUG] Starting load of BettingManager at 1605988856919
[20-11-21 23:00:56] [INFO] [DEBUG] BettingManager has been loaded. (took 0ms)
[20-11-21 23:00:56] [INFO] [DEBUG] Starting load of InventoryManager at 1605988856919
[20-11-21 23:00:56] [INFO] [DEBUG] InventoryManager has been loaded. (took 0ms)
[20-11-21 23:00:56] [INFO] [DEBUG] Starting load of DuelManager at 1605988856919
[20-11-21 23:00:56] [INFO] [DEBUG] DuelManager has been loaded. (took 1ms)
[20-11-21 23:00:56] [INFO] [DEBUG] Starting load of QueueManager at 1605988856920
[20-11-21 23:00:56] [INFO] QueueManager: Loaded 0 queue(s).
[20-11-21 23:00:56] [INFO] [DEBUG] QueueManager has been loaded. (took 4ms)
[20-11-21 23:00:56] [INFO] [DEBUG] Starting load of QueueSignManager at 1605988856924
[20-11-21 23:00:56] [INFO] QueueSignManager: Loaded 0 queue sign(s).
[20-11-21 23:00:56] [INFO] [DEBUG] QueueSignManager has been loaded. (took 2ms)
[20-11-21 23:00:56] [INFO] [DEBUG] Starting load of RequestManager at 1605988856926
[20-11-21 23:00:56] [INFO] [DEBUG] RequestManager has been loaded. (took 0ms)
[20-11-21 23:00:56] [INFO] [DEBUG] Starting load of Teleport at 1605988856926
[20-11-21 23:00:56] [INFO] [DEBUG] Teleport has been loaded. (took 0ms)
[20-11-21 23:00:56] [INFO] [DEBUG] Starting load of ExtensionManager at 1605988856926
[20-11-21 23:00:56] [INFO] [DEBUG] ExtensionManager has been loaded. (took 1ms)
[20-11-21 23:00:58] [WARNING] UserManager: Could not load userdata from file: f2e7832e-00bf-3cdd-9d75-c0bba3957fbd.json
[20-11-21 23:00:59] [INFO] No updates were available. You are on the latest version!
[20-11-22 07:02:12] [INFO] [DEBUG] onDisable start -> 1606017732120

[20-11-22 07:02:12] [INFO] [DEBUG] Starting unload of ExtensionManager at 1606017732130
[20-11-22 07:02:12] [INFO] [DEBUG] ExtensionManager has been unloaded. (took 0ms)
[20-11-22 07:02:12] [INFO] [DEBUG] Starting unload of Teleport at 1606017732130
[20-11-22 07:02:12] [INFO] [DEBUG] Teleport has been unloaded. (took 0ms)
[20-11-22 07:02:12] [INFO] [DEBUG] Starting unload of RequestManager at 1606017732131
[20-11-22 07:02:12] [INFO] [DEBUG] RequestManager has been unloaded. (took 0ms)
[20-11-22 07:02:12] [INFO] [DEBUG] Starting unload of QueueSignManager at 1606017732131
[20-11-22 07:02:12] [INFO] [DEBUG] QueueSignManager has been unloaded. (took 0ms)
[20-11-22 07:02:12] [INFO] [DEBUG] Starting unload of QueueManager at 1606017732131
[20-11-22 07:02:12] [INFO] [DEBUG] QueueManager has been unloaded. (took 0ms)
[20-11-22 07:02:12] [INFO] [DEBUG] Starting unload of DuelManager at 1606017732132
[20-11-22 07:02:12] [INFO] [DEBUG] DuelManager has been unloaded. (took 0ms)
[20-11-22 07:02:12] [INFO] [DEBUG] Starting unload of InventoryManager at 1606017732132
[20-11-22 07:02:12] [INFO] [DEBUG] InventoryManager has been unloaded. (took 0ms)
[20-11-22 07:02:12] [INFO] [DEBUG] Starting unload of BettingManager at 1606017732132
[20-11-22 07:02:12] [INFO] [DEBUG] BettingManager has been unloaded. (took 0ms)
[20-11-22 07:02:12] [INFO] [DEBUG] Starting unload of SpectateManager at 1606017732132
[20-11-22 07:02:12] [INFO] [DEBUG] SpectateManager has been unloaded. (took 1ms)
[20-11-22 07:02:12] [INFO] [DEBUG] Starting unload of PlayerInfoManager at 1606017732133
[20-11-22 07:02:12] [INFO] [DEBUG] PlayerInfoManager has been unloaded. (took 0ms)
[20-11-22 07:02:12] [INFO] [DEBUG] Starting unload of SettingsManager at 1606017732133
[20-11-22 07:02:12] [INFO] [DEBUG] SettingsManager has been unloaded. (took 0ms)
[20-11-22 07:02:12] [INFO] [DEBUG] Starting unload of ArenaManager at 1606017732133
[20-11-22 07:02:12] [INFO] [DEBUG] ArenaManager has been unloaded. (took 0ms)
[20-11-22 07:02:12] [INFO] [DEBUG] Starting unload of KitManager at 1606017732133
[20-11-22 07:02:12] [INFO] [DEBUG] KitManager has been unloaded. (took 0ms)
[20-11-22 07:02:12] [INFO] [DEBUG] Starting unload of GuiListener at 1606017732133
[20-11-22 07:02:12] [INFO] [DEBUG] GuiListener has been unloaded. (took 1ms)
[20-11-22 07:02:12] [INFO] [DEBUG] Starting unload of UserManager at 1606017732134
[20-11-22 07:02:12] [INFO] [DEBUG] UserManager has been unloaded. (took 0ms)
[20-11-22 07:02:12] [INFO] [DEBUG] Starting unload of Lang at 1606017732134
[20-11-22 07:02:12] [INFO] [DEBUG] Lang has been unloaded. (took 0ms)
[20-11-22 07:02:12] [INFO] [DEBUG] Starting unload of Config at 1606017732134
[20-11-22 07:02:12] [INFO] [DEBUG] Config has been unloaded. (took 0ms)
[20-11-22 07:02:12] [INFO] [DEBUG] unload done (took 14ms)
[20-11-22 07:02:12] [INFO] [DEBUG] Log#clearSources done (took 0ms)
