[20-11-16 03:57:44] [INFO] [DEBUG] onEnable start -> 1605488264114

[20-11-16 03:57:44] [INFO] [DEBUG] Starting load of Config at 1605488264212
[20-11-16 03:57:44] [INFO] [DEBUG] Config has been loaded. (took 11ms)
[20-11-16 03:57:44] [INFO] [DEBUG] Starting load of Lang at 1605488264223
[20-11-16 03:57:44] [INFO] [DEBUG] Lang has been loaded. (took 13ms)
[20-11-16 03:57:44] [INFO] [DEBUG] Starting load of UserManager at 1605488264236
[20-11-16 03:57:44] [INFO] [DEBUG] UserManager has been loaded. (took 1ms)
[20-11-16 03:57:44] [INFO] [DEBUG] Starting load of GuiListener at 1605488264237
[20-11-16 03:57:44] [INFO] [DEBUG] GuiListener has been loaded. (took 0ms)
[20-11-16 03:57:44] [INFO] [DEBUG] Starting load of KitManager at 1605488264237
[20-11-16 03:57:44] [INFO] KitManager: Loaded 0 kit(s).
[20-11-16 03:57:44] [INFO] [DEBUG] KitManager has been loaded. (took 34ms)
[20-11-16 03:57:44] [INFO] [DEBUG] Starting load of ArenaManager at 1605488264272
[20-11-16 03:57:44] [INFO] ArenaManager: Loaded 0 arena(s).
[20-11-16 03:57:44] [INFO] [DEBUG] ArenaManager has been loaded. (took 6ms)
[20-11-16 03:57:44] [INFO] [DEBUG] Starting load of SettingsManager at 1605488264278
[20-11-16 03:57:44] [INFO] [DEBUG] SettingsManager has been loaded. (took 0ms)
[20-11-16 03:57:44] [INFO] [DEBUG] Starting load of PlayerInfoManager at 1605488264278
[20-11-16 03:57:44] [INFO] PlayerInfoManager: Lobby location was not set, using world's spawn location as default. Use the command /duels setlobby in-game to set the lobby location.
[20-11-16 03:57:44] [INFO] [DEBUG] PlayerInfoManager has been loaded. (took 1ms)
[20-11-16 03:57:44] [INFO] [DEBUG] Starting load of SpectateManager at 1605488264279
[20-11-16 03:57:44] [INFO] [DEBUG] SpectateManager has been loaded. (took 0ms)
[20-11-16 03:57:44] [INFO] [DEBUG] Starting load of BettingManager at 1605488264279
[20-11-16 03:57:44] [INFO] [DEBUG] BettingManager has been loaded. (took 0ms)
[20-11-16 03:57:44] [INFO] [DEBUG] Starting load of InventoryManager at 1605488264279
[20-11-16 03:57:44] [INFO] [DEBUG] InventoryManager has been loaded. (took 0ms)
[20-11-16 03:57:44] [INFO] [DEBUG] Starting load of DuelManager at 1605488264279
[20-11-16 03:57:44] [INFO] [DEBUG] DuelManager has been loaded. (took 0ms)
[20-11-16 03:57:44] [INFO] [DEBUG] Starting load of QueueManager at 1605488264279
[20-11-16 03:57:44] [INFO] QueueManager: Loaded 0 queue(s).
[20-11-16 03:57:44] [INFO] [DEBUG] QueueManager has been loaded. (took 3ms)
[20-11-16 03:57:44] [INFO] [DEBUG] Starting load of QueueSignManager at 1605488264282
[20-11-16 03:57:44] [INFO] QueueSignManager: Loaded 0 queue sign(s).
[20-11-16 03:57:44] [INFO] [DEBUG] QueueSignManager has been loaded. (took 2ms)
[20-11-16 03:57:44] [INFO] [DEBUG] Starting load of RequestManager at 1605488264284
[20-11-16 03:57:44] [INFO] [DEBUG] RequestManager has been loaded. (took 0ms)
[20-11-16 03:57:44] [INFO] [DEBUG] Starting load of Teleport at 1605488264284
[20-11-16 03:57:44] [INFO] [DEBUG] Teleport has been loaded. (took 0ms)
[20-11-16 03:57:44] [INFO] [DEBUG] Starting load of ExtensionManager at 1605488264284
[20-11-16 03:57:44] [INFO] [DEBUG] ExtensionManager has been loaded. (took 0ms)
[20-11-16 03:57:46] [INFO] No updates were available. You are on the latest version!
[20-11-16 17:45:01] [INFO] [DEBUG] onDisable start -> 1605537901025

[20-11-16 17:45:01] [INFO] [DEBUG] Starting unload of ExtensionManager at 1605537901029
[20-11-16 17:45:01] [INFO] [DEBUG] ExtensionManager has been unloaded. (took 1ms)
[20-11-16 17:45:01] [INFO] [DEBUG] Starting unload of Teleport at 1605537901030
[20-11-16 17:45:01] [INFO] [DEBUG] Teleport has been unloaded. (took 0ms)
[20-11-16 17:45:01] [INFO] [DEBUG] Starting unload of RequestManager at 1605537901030
[20-11-16 17:45:01] [INFO] [DEBUG] RequestManager has been unloaded. (took 0ms)
[20-11-16 17:45:01] [INFO] [DEBUG] Starting unload of QueueSignManager at 1605537901030
[20-11-16 17:45:01] [INFO] [DEBUG] QueueSignManager has been unloaded. (took 1ms)
[20-11-16 17:45:01] [INFO] [DEBUG] Starting unload of QueueManager at 1605537901031
[20-11-16 17:45:01] [INFO] [DEBUG] QueueManager has been unloaded. (took 1ms)
[20-11-16 17:45:01] [INFO] [DEBUG] Starting unload of DuelManager at 1605537901032
[20-11-16 17:45:01] [INFO] [DEBUG] DuelManager has been unloaded. (took 1ms)
[20-11-16 17:45:01] [INFO] [DEBUG] Starting unload of InventoryManager at 1605537901033
[20-11-16 17:45:01] [INFO] [DEBUG] InventoryManager has been unloaded. (took 0ms)
[20-11-16 17:45:01] [INFO] [DEBUG] Starting unload of BettingManager at 1605537901033
[20-11-16 17:45:01] [INFO] [DEBUG] BettingManager has been unloaded. (took 0ms)
[20-11-16 17:45:01] [INFO] [DEBUG] Starting unload of SpectateManager at 1605537901033
[20-11-16 17:45:01] [INFO] [DEBUG] SpectateManager has been unloaded. (took 0ms)
[20-11-16 17:45:01] [INFO] [DEBUG] Starting unload of PlayerInfoManager at 1605537901033
[20-11-16 17:45:01] [INFO] [DEBUG] PlayerInfoManager has been unloaded. (took 0ms)
[20-11-16 17:45:01] [INFO] [DEBUG] Starting unload of SettingsManager at 1605537901033
[20-11-16 17:45:01] [INFO] [DEBUG] SettingsManager has been unloaded. (took 0ms)
[20-11-16 17:45:01] [INFO] [DEBUG] Starting unload of ArenaManager at 1605537901033
[20-11-16 17:45:01] [INFO] [DEBUG] ArenaManager has been unloaded. (took 0ms)
[20-11-16 17:45:01] [INFO] [DEBUG] Starting unload of KitManager at 1605537901033
[20-11-16 17:45:01] [INFO] [DEBUG] KitManager has been unloaded. (took 0ms)
[20-11-16 17:45:01] [INFO] [DEBUG] Starting unload of GuiListener at 1605537901033
[20-11-16 17:45:01] [INFO] [DEBUG] GuiListener has been unloaded. (took 6ms)
[20-11-16 17:45:01] [INFO] [DEBUG] Starting unload of UserManager at 1605537901039
[20-11-16 17:45:01] [INFO] [DEBUG] UserManager has been unloaded. (took 0ms)
[20-11-16 17:45:01] [INFO] [DEBUG] Starting unload of Lang at 1605537901040
[20-11-16 17:45:01] [INFO] [DEBUG] Lang has been unloaded. (took 0ms)
[20-11-16 17:45:01] [INFO] [DEBUG] Starting unload of Config at 1605537901040
[20-11-16 17:45:01] [INFO] [DEBUG] Config has been unloaded. (took 0ms)
[20-11-16 17:45:01] [INFO] [DEBUG] unload done (took 15ms)
[20-11-16 17:45:01] [INFO] [DEBUG] Log#clearSources done (took 0ms)
[20-11-16 17:45:11] [INFO] [DEBUG] onEnable start -> 1605537911885

[20-11-16 17:45:12] [INFO] [DEBUG] Starting load of Config at 1605537912014
[20-11-16 17:45:12] [INFO] [DEBUG] Config has been loaded. (took 11ms)
[20-11-16 17:45:12] [INFO] [DEBUG] Starting load of Lang at 1605537912025
[20-11-16 17:45:12] [INFO] [DEBUG] Lang has been loaded. (took 12ms)
[20-11-16 17:45:12] [INFO] [DEBUG] Starting load of UserManager at 1605537912037
[20-11-16 17:45:12] [INFO] [DEBUG] UserManager has been loaded. (took 1ms)
[20-11-16 17:45:12] [INFO] [DEBUG] Starting load of GuiListener at 1605537912038
[20-11-16 17:45:12] [INFO] [DEBUG] GuiListener has been loaded. (took 0ms)
[20-11-16 17:45:12] [INFO] [DEBUG] Starting load of KitManager at 1605537912038
[20-11-16 17:45:12] [INFO] KitManager: Loaded 0 kit(s).
[20-11-16 17:45:12] [INFO] [DEBUG] KitManager has been loaded. (took 34ms)
[20-11-16 17:45:12] [INFO] [DEBUG] Starting load of ArenaManager at 1605537912073
[20-11-16 17:45:12] [INFO] ArenaManager: Loaded 0 arena(s).
[20-11-16 17:45:12] [INFO] [DEBUG] ArenaManager has been loaded. (took 9ms)
[20-11-16 17:45:12] [INFO] [DEBUG] Starting load of SettingsManager at 1605537912082
[20-11-16 17:45:12] [INFO] [DEBUG] SettingsManager has been loaded. (took 0ms)
[20-11-16 17:45:12] [INFO] [DEBUG] Starting load of PlayerInfoManager at 1605537912082
[20-11-16 17:45:12] [INFO] PlayerInfoManager: Lobby location was not set, using world's spawn location as default. Use the command /duels setlobby in-game to set the lobby location.
[20-11-16 17:45:12] [INFO] [DEBUG] PlayerInfoManager has been loaded. (took 0ms)
[20-11-16 17:45:12] [INFO] [DEBUG] Starting load of SpectateManager at 1605537912082
[20-11-16 17:45:12] [INFO] [DEBUG] SpectateManager has been loaded. (took 0ms)
[20-11-16 17:45:12] [INFO] [DEBUG] Starting load of BettingManager at 1605537912082
[20-11-16 17:45:12] [INFO] [DEBUG] BettingManager has been loaded. (took 0ms)
[20-11-16 17:45:12] [INFO] [DEBUG] Starting load of InventoryManager at 1605537912082
[20-11-16 17:45:12] [INFO] [DEBUG] InventoryManager has been loaded. (took 0ms)
[20-11-16 17:45:12] [INFO] [DEBUG] Starting load of DuelManager at 1605537912082
[20-11-16 17:45:12] [INFO] [DEBUG] DuelManager has been loaded. (took 0ms)
[20-11-16 17:45:12] [INFO] [DEBUG] Starting load of QueueManager at 1605537912082
[20-11-16 17:45:12] [INFO] QueueManager: Loaded 0 queue(s).
[20-11-16 17:45:12] [INFO] [DEBUG] QueueManager has been loaded. (took 3ms)
[20-11-16 17:45:12] [INFO] [DEBUG] Starting load of QueueSignManager at 1605537912085
[20-11-16 17:45:12] [INFO] QueueSignManager: Loaded 0 queue sign(s).
[20-11-16 17:45:12] [INFO] [DEBUG] QueueSignManager has been loaded. (took 2ms)
[20-11-16 17:45:12] [INFO] [DEBUG] Starting load of RequestManager at 1605537912087
[20-11-16 17:45:12] [INFO] [DEBUG] RequestManager has been loaded. (took 0ms)
[20-11-16 17:45:12] [INFO] [DEBUG] Starting load of Teleport at 1605537912088
[20-11-16 17:45:12] [INFO] [DEBUG] Teleport has been loaded. (took 0ms)
[20-11-16 17:45:12] [INFO] [DEBUG] Starting load of ExtensionManager at 1605537912088
[20-11-16 17:45:12] [INFO] [DEBUG] ExtensionManager has been loaded. (took 0ms)
[20-11-16 17:45:13] [INFO] No updates were available. You are on the latest version!
[20-11-16 19:40:10] [INFO] [DEBUG] onDisable start -> 1605544810982

[20-11-16 19:40:10] [INFO] [DEBUG] Starting unload of ExtensionManager at 1605544810986
[20-11-16 19:40:10] [INFO] [DEBUG] ExtensionManager has been unloaded. (took 1ms)
[20-11-16 19:40:10] [INFO] [DEBUG] Starting unload of Teleport at 1605544810987
[20-11-16 19:40:10] [INFO] [DEBUG] Teleport has been unloaded. (took 0ms)
[20-11-16 19:40:10] [INFO] [DEBUG] Starting unload of RequestManager at 1605544810987
[20-11-16 19:40:10] [INFO] [DEBUG] RequestManager has been unloaded. (took 0ms)
[20-11-16 19:40:10] [INFO] [DEBUG] Starting unload of QueueSignManager at 1605544810987
[20-11-16 19:40:10] [INFO] [DEBUG] QueueSignManager has been unloaded. (took 0ms)
[20-11-16 19:40:10] [INFO] [DEBUG] Starting unload of QueueManager at 1605544810987
[20-11-16 19:40:10] [INFO] [DEBUG] QueueManager has been unloaded. (took 0ms)
[20-11-16 19:40:10] [INFO] [DEBUG] Starting unload of DuelManager at 1605544810987
[20-11-16 19:40:10] [INFO] [DEBUG] DuelManager has been unloaded. (took 1ms)
[20-11-16 19:40:10] [INFO] [DEBUG] Starting unload of InventoryManager at 1605544810989
[20-11-16 19:40:10] [INFO] [DEBUG] InventoryManager has been unloaded. (took 0ms)
[20-11-16 19:40:10] [INFO] [DEBUG] Starting unload of BettingManager at 1605544810989
[20-11-16 19:40:10] [INFO] [DEBUG] BettingManager has been unloaded. (took 0ms)
[20-11-16 19:40:10] [INFO] [DEBUG] Starting unload of SpectateManager at 1605544810989
[20-11-16 19:40:10] [INFO] [DEBUG] SpectateManager has been unloaded. (took 0ms)
[20-11-16 19:40:10] [INFO] [DEBUG] Starting unload of PlayerInfoManager at 1605544810989
[20-11-16 19:40:10] [INFO] [DEBUG] PlayerInfoManager has been unloaded. (took 0ms)
[20-11-16 19:40:10] [INFO] [DEBUG] Starting unload of SettingsManager at 1605544810989
[20-11-16 19:40:10] [INFO] [DEBUG] SettingsManager has been unloaded. (took 0ms)
[20-11-16 19:40:10] [INFO] [DEBUG] Starting unload of ArenaManager at 1605544810989
[20-11-16 19:40:10] [INFO] [DEBUG] ArenaManager has been unloaded. (took 0ms)
[20-11-16 19:40:10] [INFO] [DEBUG] Starting unload of KitManager at 1605544810989
[20-11-16 19:40:10] [INFO] [DEBUG] KitManager has been unloaded. (took 0ms)
[20-11-16 19:40:10] [INFO] [DEBUG] Starting unload of GuiListener at 1605544810989
[20-11-16 19:40:10] [INFO] [DEBUG] GuiListener has been unloaded. (took 1ms)
[20-11-16 19:40:10] [INFO] [DEBUG] Starting unload of UserManager at 1605544810990
[20-11-16 19:40:10] [INFO] [DEBUG] UserManager has been unloaded. (took 4ms)
[20-11-16 19:40:10] [INFO] [DEBUG] Starting unload of Lang at 1605544810994
[20-11-16 19:40:10] [INFO] [DEBUG] Lang has been unloaded. (took 0ms)
[20-11-16 19:40:10] [INFO] [DEBUG] Starting unload of Config at 1605544810994
[20-11-16 19:40:10] [INFO] [DEBUG] Config has been unloaded. (took 0ms)
[20-11-16 19:40:10] [INFO] [DEBUG] unload done (took 12ms)
[20-11-16 19:40:10] [INFO] [DEBUG] Log#clearSources done (took 0ms)
