[20-11-15 19:41:14] [INFO] [DEBUG] onEnable start -> 1605458474950

[20-11-15 19:41:15] [INFO] [DEBUG] Starting load of Config at 1605458475052
[20-11-15 19:41:15] [INFO] [DEBUG] Config has been loaded. (took 13ms)
[20-11-15 19:41:15] [INFO] [DEBUG] Starting load of Lang at 1605458475065
[20-11-15 19:41:15] [INFO] [DEBUG] Lang has been loaded. (took 17ms)
[20-11-15 19:41:15] [INFO] [DEBUG] Starting load of UserManager at 1605458475082
[20-11-15 19:41:15] [INFO] [DEBUG] UserManager has been loaded. (took 1ms)
[20-11-15 19:41:15] [INFO] [DEBUG] Starting load of GuiListener at 1605458475083
[20-11-15 19:41:15] [INFO] [DEBUG] GuiListener has been loaded. (took 0ms)
[20-11-15 19:41:15] [INFO] [DEBUG] Starting load of KitManager at 1605458475083
[20-11-15 19:41:15] [INFO] KitManager: Loaded 0 kit(s).
[20-11-15 19:41:15] [INFO] [DEBUG] KitManager has been loaded. (took 40ms)
[20-11-15 19:41:15] [INFO] [DEBUG] Starting load of ArenaManager at 1605458475123
[20-11-15 19:41:15] [INFO] ArenaManager: Loaded 0 arena(s).
[20-11-15 19:41:15] [INFO] [DEBUG] ArenaManager has been loaded. (took 10ms)
[20-11-15 19:41:15] [INFO] [DEBUG] Starting load of SettingsManager at 1605458475133
[20-11-15 19:41:15] [INFO] [DEBUG] SettingsManager has been loaded. (took 0ms)
[20-11-15 19:41:15] [INFO] [DEBUG] Starting load of PlayerInfoManager at 1605458475133
[20-11-15 19:41:15] [INFO] PlayerInfoManager: Lobby location was not set, using world's spawn location as default. Use the command /duels setlobby in-game to set the lobby location.
[20-11-15 19:41:15] [INFO] [DEBUG] PlayerInfoManager has been loaded. (took 0ms)
[20-11-15 19:41:15] [INFO] [DEBUG] Starting load of SpectateManager at 1605458475133
[20-11-15 19:41:15] [INFO] [DEBUG] SpectateManager has been loaded. (took 0ms)
[20-11-15 19:41:15] [INFO] [DEBUG] Starting load of BettingManager at 1605458475133
[20-11-15 19:41:15] [INFO] [DEBUG] BettingManager has been loaded. (took 0ms)
[20-11-15 19:41:15] [INFO] [DEBUG] Starting load of InventoryManager at 1605458475133
[20-11-15 19:41:15] [INFO] [DEBUG] InventoryManager has been loaded. (took 1ms)
[20-11-15 19:41:15] [INFO] [DEBUG] Starting load of DuelManager at 1605458475134
[20-11-15 19:41:15] [INFO] [DEBUG] DuelManager has been loaded. (took 0ms)
[20-11-15 19:41:15] [INFO] [DEBUG] Starting load of QueueManager at 1605458475134
[20-11-15 19:41:15] [INFO] QueueManager: Loaded 0 queue(s).
[20-11-15 19:41:15] [INFO] [DEBUG] QueueManager has been loaded. (took 4ms)
[20-11-15 19:41:15] [INFO] [DEBUG] Starting load of QueueSignManager at 1605458475138
[20-11-15 19:41:15] [INFO] QueueSignManager: Loaded 0 queue sign(s).
[20-11-15 19:41:15] [INFO] [DEBUG] QueueSignManager has been loaded. (took 2ms)
[20-11-15 19:41:15] [INFO] [DEBUG] Starting load of RequestManager at 1605458475140
[20-11-15 19:41:15] [INFO] [DEBUG] RequestManager has been loaded. (took 0ms)
[20-11-15 19:41:15] [INFO] [DEBUG] Starting load of Teleport at 1605458475140
[20-11-15 19:41:15] [INFO] [DEBUG] Teleport has been loaded. (took 1ms)
[20-11-15 19:41:15] [INFO] [DEBUG] Starting load of ExtensionManager at 1605458475141
[20-11-15 19:41:15] [INFO] [DEBUG] ExtensionManager has been loaded. (took 0ms)
[20-11-15 19:41:16] [INFO] No updates were available. You are on the latest version!
[20-11-15 19:42:52] [INFO] [DEBUG] onDisable start -> 1605458572122

[20-11-15 19:42:52] [INFO] [DEBUG] Starting unload of ExtensionManager at 1605458572124
[20-11-15 19:42:52] [INFO] [DEBUG] ExtensionManager has been unloaded. (took 1ms)
[20-11-15 19:42:52] [INFO] [DEBUG] Starting unload of Teleport at 1605458572125
[20-11-15 19:42:52] [INFO] [DEBUG] Teleport has been unloaded. (took 0ms)
[20-11-15 19:42:52] [INFO] [DEBUG] Starting unload of RequestManager at 1605458572125
[20-11-15 19:42:52] [INFO] [DEBUG] RequestManager has been unloaded. (took 0ms)
[20-11-15 19:42:52] [INFO] [DEBUG] Starting unload of QueueSignManager at 1605458572125
[20-11-15 19:42:52] [INFO] [DEBUG] QueueSignManager has been unloaded. (took 3ms)
[20-11-15 19:42:52] [INFO] [DEBUG] Starting unload of QueueManager at 1605458572128
[20-11-15 19:42:52] [INFO] [DEBUG] QueueManager has been unloaded. (took 1ms)
[20-11-15 19:42:52] [INFO] [DEBUG] Starting unload of DuelManager at 1605458572129
[20-11-15 19:42:52] [INFO] [DEBUG] DuelManager has been unloaded. (took 1ms)
[20-11-15 19:42:52] [INFO] [DEBUG] Starting unload of InventoryManager at 1605458572130
[20-11-15 19:42:52] [INFO] [DEBUG] InventoryManager has been unloaded. (took 0ms)
[20-11-15 19:42:52] [INFO] [DEBUG] Starting unload of BettingManager at 1605458572130
[20-11-15 19:42:52] [INFO] [DEBUG] BettingManager has been unloaded. (took 0ms)
[20-11-15 19:42:52] [INFO] [DEBUG] Starting unload of SpectateManager at 1605458572130
[20-11-15 19:42:52] [INFO] [DEBUG] SpectateManager has been unloaded. (took 0ms)
[20-11-15 19:42:52] [INFO] [DEBUG] Starting unload of PlayerInfoManager at 1605458572130
[20-11-15 19:42:52] [INFO] [DEBUG] PlayerInfoManager has been unloaded. (took 0ms)
[20-11-15 19:42:52] [INFO] [DEBUG] Starting unload of SettingsManager at 1605458572130
[20-11-15 19:42:52] [INFO] [DEBUG] SettingsManager has been unloaded. (took 0ms)
[20-11-15 19:42:52] [INFO] [DEBUG] Starting unload of ArenaManager at 1605458572130
[20-11-15 19:42:52] [INFO] [DEBUG] ArenaManager has been unloaded. (took 1ms)
[20-11-15 19:42:52] [INFO] [DEBUG] Starting unload of KitManager at 1605458572131
[20-11-15 19:42:52] [INFO] [DEBUG] KitManager has been unloaded. (took 0ms)
[20-11-15 19:42:52] [INFO] [DEBUG] Starting unload of GuiListener at 1605458572131
[20-11-15 19:42:52] [INFO] [DEBUG] GuiListener has been unloaded. (took 4ms)
[20-11-15 19:42:52] [INFO] [DEBUG] Starting unload of UserManager at 1605458572135
[20-11-15 19:42:52] [INFO] [DEBUG] UserManager has been unloaded. (took 0ms)
[20-11-15 19:42:52] [INFO] [DEBUG] Starting unload of Lang at 1605458572135
[20-11-15 19:42:52] [INFO] [DEBUG] Lang has been unloaded. (took 0ms)
[20-11-15 19:42:52] [INFO] [DEBUG] Starting unload of Config at 1605458572135
[20-11-15 19:42:52] [INFO] [DEBUG] Config has been unloaded. (took 0ms)
[20-11-15 19:42:52] [INFO] [DEBUG] unload done (took 13ms)
[20-11-15 19:42:52] [INFO] [DEBUG] Log#clearSources done (took 0ms)
[20-11-15 19:43:36] [INFO] [DEBUG] onEnable start -> 1605458616480

[20-11-15 19:43:36] [INFO] [DEBUG] Starting load of Config at 1605458616581
[20-11-15 19:43:36] [INFO] [DEBUG] Config has been loaded. (took 12ms)
[20-11-15 19:43:36] [INFO] [DEBUG] Starting load of Lang at 1605458616593
[20-11-15 19:43:36] [INFO] [DEBUG] Lang has been loaded. (took 13ms)
[20-11-15 19:43:36] [INFO] [DEBUG] Starting load of UserManager at 1605458616606
[20-11-15 19:43:36] [INFO] [DEBUG] UserManager has been loaded. (took 1ms)
[20-11-15 19:43:36] [INFO] [DEBUG] Starting load of GuiListener at 1605458616607
[20-11-15 19:43:36] [INFO] [DEBUG] GuiListener has been loaded. (took 0ms)
[20-11-15 19:43:36] [INFO] [DEBUG] Starting load of KitManager at 1605458616607
[20-11-15 19:43:36] [INFO] KitManager: Loaded 0 kit(s).
[20-11-15 19:43:36] [INFO] [DEBUG] KitManager has been loaded. (took 36ms)
[20-11-15 19:43:36] [INFO] [DEBUG] Starting load of ArenaManager at 1605458616643
[20-11-15 19:43:36] [INFO] ArenaManager: Loaded 0 arena(s).
[20-11-15 19:43:36] [INFO] [DEBUG] ArenaManager has been loaded. (took 7ms)
[20-11-15 19:43:36] [INFO] [DEBUG] Starting load of SettingsManager at 1605458616650
[20-11-15 19:43:36] [INFO] [DEBUG] SettingsManager has been loaded. (took 0ms)
[20-11-15 19:43:36] [INFO] [DEBUG] Starting load of PlayerInfoManager at 1605458616650
[20-11-15 19:43:36] [INFO] PlayerInfoManager: Lobby location was not set, using world's spawn location as default. Use the command /duels setlobby in-game to set the lobby location.
[20-11-15 19:43:36] [INFO] [DEBUG] PlayerInfoManager has been loaded. (took 0ms)
[20-11-15 19:43:36] [INFO] [DEBUG] Starting load of SpectateManager at 1605458616651
[20-11-15 19:43:36] [INFO] [DEBUG] SpectateManager has been loaded. (took 0ms)
[20-11-15 19:43:36] [INFO] [DEBUG] Starting load of BettingManager at 1605458616651
[20-11-15 19:43:36] [INFO] [DEBUG] BettingManager has been loaded. (took 0ms)
[20-11-15 19:43:36] [INFO] [DEBUG] Starting load of InventoryManager at 1605458616651
[20-11-15 19:43:36] [INFO] [DEBUG] InventoryManager has been loaded. (took 0ms)
[20-11-15 19:43:36] [INFO] [DEBUG] Starting load of DuelManager at 1605458616651
[20-11-15 19:43:36] [INFO] [DEBUG] DuelManager has been loaded. (took 0ms)
[20-11-15 19:43:36] [INFO] [DEBUG] Starting load of QueueManager at 1605458616651
[20-11-15 19:43:36] [INFO] QueueManager: Loaded 0 queue(s).
[20-11-15 19:43:36] [INFO] [DEBUG] QueueManager has been loaded. (took 3ms)
[20-11-15 19:43:36] [INFO] [DEBUG] Starting load of QueueSignManager at 1605458616654
[20-11-15 19:43:36] [INFO] QueueSignManager: Loaded 0 queue sign(s).
[20-11-15 19:43:36] [INFO] [DEBUG] QueueSignManager has been loaded. (took 2ms)
[20-11-15 19:43:36] [INFO] [DEBUG] Starting load of RequestManager at 1605458616656
[20-11-15 19:43:36] [INFO] [DEBUG] RequestManager has been loaded. (took 0ms)
[20-11-15 19:43:36] [INFO] [DEBUG] Starting load of Teleport at 1605458616656
[20-11-15 19:43:36] [INFO] [DEBUG] Teleport has been loaded. (took 1ms)
[20-11-15 19:43:36] [INFO] [DEBUG] Starting load of ExtensionManager at 1605458616657
[20-11-15 19:43:36] [INFO] [DEBUG] ExtensionManager has been loaded. (took 0ms)
[20-11-15 19:43:37] [INFO] No updates were available. You are on the latest version!
[20-11-15 20:54:50] [INFO] [DEBUG] onDisable start -> 1605462890202

[20-11-15 20:54:50] [INFO] [DEBUG] Starting unload of ExtensionManager at 1605462890206
[20-11-15 20:54:50] [INFO] [DEBUG] ExtensionManager has been unloaded. (took 0ms)
[20-11-15 20:54:50] [INFO] [DEBUG] Starting unload of Teleport at 1605462890206
[20-11-15 20:54:50] [INFO] [DEBUG] Teleport has been unloaded. (took 0ms)
[20-11-15 20:54:50] [INFO] [DEBUG] Starting unload of RequestManager at 1605462890206
[20-11-15 20:54:50] [INFO] [DEBUG] RequestManager has been unloaded. (took 0ms)
[20-11-15 20:54:50] [INFO] [DEBUG] Starting unload of QueueSignManager at 1605462890206
[20-11-15 20:54:50] [INFO] [DEBUG] QueueSignManager has been unloaded. (took 1ms)
[20-11-15 20:54:50] [INFO] [DEBUG] Starting unload of QueueManager at 1605462890207
[20-11-15 20:54:50] [INFO] [DEBUG] QueueManager has been unloaded. (took 1ms)
[20-11-15 20:54:50] [INFO] [DEBUG] Starting unload of DuelManager at 1605462890208
[20-11-15 20:54:50] [INFO] [DEBUG] DuelManager has been unloaded. (took 0ms)
[20-11-15 20:54:50] [INFO] [DEBUG] Starting unload of InventoryManager at 1605462890208
[20-11-15 20:54:50] [INFO] [DEBUG] InventoryManager has been unloaded. (took 1ms)
[20-11-15 20:54:50] [INFO] [DEBUG] Starting unload of BettingManager at 1605462890209
[20-11-15 20:54:50] [INFO] [DEBUG] BettingManager has been unloaded. (took 0ms)
[20-11-15 20:54:50] [INFO] [DEBUG] Starting unload of SpectateManager at 1605462890209
[20-11-15 20:54:50] [INFO] [DEBUG] SpectateManager has been unloaded. (took 0ms)
[20-11-15 20:54:50] [INFO] [DEBUG] Starting unload of PlayerInfoManager at 1605462890209
[20-11-15 20:54:50] [INFO] [DEBUG] PlayerInfoManager has been unloaded. (took 0ms)
[20-11-15 20:54:50] [INFO] [DEBUG] Starting unload of SettingsManager at 1605462890209
[20-11-15 20:54:50] [INFO] [DEBUG] SettingsManager has been unloaded. (took 0ms)
[20-11-15 20:54:50] [INFO] [DEBUG] Starting unload of ArenaManager at 1605462890209
[20-11-15 20:54:50] [INFO] [DEBUG] ArenaManager has been unloaded. (took 0ms)
[20-11-15 20:54:50] [INFO] [DEBUG] Starting unload of KitManager at 1605462890209
[20-11-15 20:54:50] [INFO] [DEBUG] KitManager has been unloaded. (took 0ms)
[20-11-15 20:54:50] [INFO] [DEBUG] Starting unload of GuiListener at 1605462890209
[20-11-15 20:54:50] [INFO] [DEBUG] GuiListener has been unloaded. (took 5ms)
[20-11-15 20:54:50] [INFO] [DEBUG] Starting unload of UserManager at 1605462890214
[20-11-15 20:54:50] [INFO] [DEBUG] UserManager has been unloaded. (took 0ms)
[20-11-15 20:54:50] [INFO] [DEBUG] Starting unload of Lang at 1605462890215
[20-11-15 20:54:50] [INFO] [DEBUG] Lang has been unloaded. (took 0ms)
[20-11-15 20:54:50] [INFO] [DEBUG] Starting unload of Config at 1605462890215
[20-11-15 20:54:50] [INFO] [DEBUG] Config has been unloaded. (took 0ms)
[20-11-15 20:54:50] [INFO] [DEBUG] unload done (took 13ms)
[20-11-15 20:54:50] [INFO] [DEBUG] Log#clearSources done (took 0ms)
[20-11-15 20:55:14] [INFO] [DEBUG] onEnable start -> 1605462914514

[20-11-15 20:55:14] [INFO] [DEBUG] Starting load of Config at 1605462914623
[20-11-15 20:55:14] [INFO] [DEBUG] Config has been loaded. (took 11ms)
[20-11-15 20:55:14] [INFO] [DEBUG] Starting load of Lang at 1605462914635
[20-11-15 20:55:14] [INFO] [DEBUG] Lang has been loaded. (took 12ms)
[20-11-15 20:55:14] [INFO] [DEBUG] Starting load of UserManager at 1605462914647
[20-11-15 20:55:14] [INFO] [DEBUG] UserManager has been loaded. (took 1ms)
[20-11-15 20:55:14] [INFO] [DEBUG] Starting load of GuiListener at 1605462914648
[20-11-15 20:55:14] [INFO] [DEBUG] GuiListener has been loaded. (took 0ms)
[20-11-15 20:55:14] [INFO] [DEBUG] Starting load of KitManager at 1605462914648
[20-11-15 20:55:14] [INFO] KitManager: Loaded 0 kit(s).
[20-11-15 20:55:14] [INFO] [DEBUG] KitManager has been loaded. (took 36ms)
[20-11-15 20:55:14] [INFO] [DEBUG] Starting load of ArenaManager at 1605462914684
[20-11-15 20:55:14] [INFO] ArenaManager: Loaded 0 arena(s).
[20-11-15 20:55:14] [INFO] [DEBUG] ArenaManager has been loaded. (took 7ms)
[20-11-15 20:55:14] [INFO] [DEBUG] Starting load of SettingsManager at 1605462914691
[20-11-15 20:55:14] [INFO] [DEBUG] SettingsManager has been loaded. (took 0ms)
[20-11-15 20:55:14] [INFO] [DEBUG] Starting load of PlayerInfoManager at 1605462914691
[20-11-15 20:55:14] [INFO] PlayerInfoManager: Lobby location was not set, using world's spawn location as default. Use the command /duels setlobby in-game to set the lobby location.
[20-11-15 20:55:14] [INFO] [DEBUG] PlayerInfoManager has been loaded. (took 0ms)
[20-11-15 20:55:14] [INFO] [DEBUG] Starting load of SpectateManager at 1605462914691
[20-11-15 20:55:14] [INFO] [DEBUG] SpectateManager has been loaded. (took 0ms)
[20-11-15 20:55:14] [INFO] [DEBUG] Starting load of BettingManager at 1605462914691
[20-11-15 20:55:14] [INFO] [DEBUG] BettingManager has been loaded. (took 0ms)
[20-11-15 20:55:14] [INFO] [DEBUG] Starting load of InventoryManager at 1605462914691
[20-11-15 20:55:14] [INFO] [DEBUG] InventoryManager has been loaded. (took 1ms)
[20-11-15 20:55:14] [INFO] [DEBUG] Starting load of DuelManager at 1605462914692
[20-11-15 20:55:14] [INFO] [DEBUG] DuelManager has been loaded. (took 0ms)
[20-11-15 20:55:14] [INFO] [DEBUG] Starting load of QueueManager at 1605462914692
[20-11-15 20:55:14] [INFO] QueueManager: Loaded 0 queue(s).
[20-11-15 20:55:14] [INFO] [DEBUG] QueueManager has been loaded. (took 2ms)
[20-11-15 20:55:14] [INFO] [DEBUG] Starting load of QueueSignManager at 1605462914694
[20-11-15 20:55:14] [INFO] QueueSignManager: Loaded 0 queue sign(s).
[20-11-15 20:55:14] [INFO] [DEBUG] QueueSignManager has been loaded. (took 2ms)
[20-11-15 20:55:14] [INFO] [DEBUG] Starting load of RequestManager at 1605462914696
[20-11-15 20:55:14] [INFO] [DEBUG] RequestManager has been loaded. (took 0ms)
[20-11-15 20:55:14] [INFO] [DEBUG] Starting load of Teleport at 1605462914696
[20-11-15 20:55:14] [INFO] [DEBUG] Teleport has been loaded. (took 1ms)
[20-11-15 20:55:14] [INFO] [DEBUG] Starting load of ExtensionManager at 1605462914697
[20-11-15 20:55:14] [INFO] [DEBUG] ExtensionManager has been loaded. (took 0ms)
[20-11-15 20:55:16] [INFO] No updates were available. You are on the latest version!
[20-11-15 20:58:17] [INFO] [DEBUG] onDisable start -> 1605463097950

[20-11-15 20:58:17] [INFO] [DEBUG] Starting unload of ExtensionManager at 1605463097954
[20-11-15 20:58:17] [INFO] [DEBUG] ExtensionManager has been unloaded. (took 1ms)
[20-11-15 20:58:17] [INFO] [DEBUG] Starting unload of Teleport at 1605463097955
[20-11-15 20:58:17] [INFO] [DEBUG] Teleport has been unloaded. (took 0ms)
[20-11-15 20:58:17] [INFO] [DEBUG] Starting unload of RequestManager at 1605463097955
[20-11-15 20:58:17] [INFO] [DEBUG] RequestManager has been unloaded. (took 0ms)
[20-11-15 20:58:17] [INFO] [DEBUG] Starting unload of QueueSignManager at 1605463097955
[20-11-15 20:58:17] [INFO] [DEBUG] QueueSignManager has been unloaded. (took 3ms)
[20-11-15 20:58:17] [INFO] [DEBUG] Starting unload of QueueManager at 1605463097958
[20-11-15 20:58:17] [INFO] [DEBUG] QueueManager has been unloaded. (took 2ms)
[20-11-15 20:58:17] [INFO] [DEBUG] Starting unload of DuelManager at 1605463097960
[20-11-15 20:58:17] [INFO] [DEBUG] DuelManager has been unloaded. (took 2ms)
[20-11-15 20:58:17] [INFO] [DEBUG] Starting unload of InventoryManager at 1605463097962
[20-11-15 20:58:17] [INFO] [DEBUG] InventoryManager has been unloaded. (took 1ms)
[20-11-15 20:58:17] [INFO] [DEBUG] Starting unload of BettingManager at 1605463097963
[20-11-15 20:58:17] [INFO] [DEBUG] BettingManager has been unloaded. (took 0ms)
[20-11-15 20:58:17] [INFO] [DEBUG] Starting unload of SpectateManager at 1605463097963
[20-11-15 20:58:17] [INFO] [DEBUG] SpectateManager has been unloaded. (took 0ms)
[20-11-15 20:58:17] [INFO] [DEBUG] Starting unload of PlayerInfoManager at 1605463097963
[20-11-15 20:58:17] [INFO] [DEBUG] PlayerInfoManager has been unloaded. (took 0ms)
[20-11-15 20:58:17] [INFO] [DEBUG] Starting unload of SettingsManager at 1605463097963
[20-11-15 20:58:17] [INFO] [DEBUG] SettingsManager has been unloaded. (took 0ms)
[20-11-15 20:58:17] [INFO] [DEBUG] Starting unload of ArenaManager at 1605463097963
[20-11-15 20:58:17] [INFO] [DEBUG] ArenaManager has been unloaded. (took 0ms)
[20-11-15 20:58:17] [INFO] [DEBUG] Starting unload of KitManager at 1605463097963
[20-11-15 20:58:17] [INFO] [DEBUG] KitManager has been unloaded. (took 1ms)
[20-11-15 20:58:17] [INFO] [DEBUG] Starting unload of GuiListener at 1605463097964
[20-11-15 20:58:17] [INFO] [DEBUG] GuiListener has been unloaded. (took 1ms)
[20-11-15 20:58:17] [INFO] [DEBUG] Starting unload of UserManager at 1605463097965
[20-11-15 20:58:17] [INFO] [DEBUG] UserManager has been unloaded. (took 3ms)
[20-11-15 20:58:17] [INFO] [DEBUG] Starting unload of Lang at 1605463097968
[20-11-15 20:58:17] [INFO] [DEBUG] Lang has been unloaded. (took 0ms)
[20-11-15 20:58:17] [INFO] [DEBUG] Starting unload of Config at 1605463097968
[20-11-15 20:58:17] [INFO] [DEBUG] Config has been unloaded. (took 0ms)
[20-11-15 20:58:17] [INFO] [DEBUG] unload done (took 18ms)
[20-11-15 20:58:17] [INFO] [DEBUG] Log#clearSources done (took 0ms)
[20-11-15 20:58:48] [INFO] [DEBUG] onEnable start -> 1605463128199

[20-11-15 20:58:48] [INFO] [DEBUG] Starting load of Config at 1605463128292
[20-11-15 20:58:48] [INFO] [DEBUG] Config has been loaded. (took 13ms)
[20-11-15 20:58:48] [INFO] [DEBUG] Starting load of Lang at 1605463128305
[20-11-15 20:58:48] [INFO] [DEBUG] Lang has been loaded. (took 12ms)
[20-11-15 20:58:48] [INFO] [DEBUG] Starting load of UserManager at 1605463128317
[20-11-15 20:58:48] [INFO] [DEBUG] UserManager has been loaded. (took 0ms)
[20-11-15 20:58:48] [INFO] [DEBUG] Starting load of GuiListener at 1605463128317
[20-11-15 20:58:48] [INFO] [DEBUG] GuiListener has been loaded. (took 1ms)
[20-11-15 20:58:48] [INFO] [DEBUG] Starting load of KitManager at 1605463128318
[20-11-15 20:58:48] [INFO] KitManager: Loaded 0 kit(s).
[20-11-15 20:58:48] [INFO] [DEBUG] KitManager has been loaded. (took 34ms)
[20-11-15 20:58:48] [INFO] [DEBUG] Starting load of ArenaManager at 1605463128352
[20-11-15 20:58:48] [INFO] ArenaManager: Loaded 0 arena(s).
[20-11-15 20:58:48] [INFO] [DEBUG] ArenaManager has been loaded. (took 6ms)
[20-11-15 20:58:48] [INFO] [DEBUG] Starting load of SettingsManager at 1605463128358
[20-11-15 20:58:48] [INFO] [DEBUG] SettingsManager has been loaded. (took 0ms)
[20-11-15 20:58:48] [INFO] [DEBUG] Starting load of PlayerInfoManager at 1605463128358
[20-11-15 20:58:48] [INFO] PlayerInfoManager: Lobby location was not set, using world's spawn location as default. Use the command /duels setlobby in-game to set the lobby location.
[20-11-15 20:58:48] [INFO] [DEBUG] PlayerInfoManager has been loaded. (took 1ms)
[20-11-15 20:58:48] [INFO] [DEBUG] Starting load of SpectateManager at 1605463128359
[20-11-15 20:58:48] [INFO] [DEBUG] SpectateManager has been loaded. (took 0ms)
[20-11-15 20:58:48] [INFO] [DEBUG] Starting load of BettingManager at 1605463128359
[20-11-15 20:58:48] [INFO] [DEBUG] BettingManager has been loaded. (took 0ms)
[20-11-15 20:58:48] [INFO] [DEBUG] Starting load of InventoryManager at 1605463128359
[20-11-15 20:58:48] [INFO] [DEBUG] InventoryManager has been loaded. (took 0ms)
[20-11-15 20:58:48] [INFO] [DEBUG] Starting load of DuelManager at 1605463128359
[20-11-15 20:58:48] [INFO] [DEBUG] DuelManager has been loaded. (took 0ms)
[20-11-15 20:58:48] [INFO] [DEBUG] Starting load of QueueManager at 1605463128359
[20-11-15 20:58:48] [INFO] QueueManager: Loaded 0 queue(s).
[20-11-15 20:58:48] [INFO] [DEBUG] QueueManager has been loaded. (took 3ms)
[20-11-15 20:58:48] [INFO] [DEBUG] Starting load of QueueSignManager at 1605463128362
[20-11-15 20:58:48] [INFO] QueueSignManager: Loaded 0 queue sign(s).
[20-11-15 20:58:48] [INFO] [DEBUG] QueueSignManager has been loaded. (took 1ms)
[20-11-15 20:58:48] [INFO] [DEBUG] Starting load of RequestManager at 1605463128363
[20-11-15 20:58:48] [INFO] [DEBUG] RequestManager has been loaded. (took 1ms)
[20-11-15 20:58:48] [INFO] [DEBUG] Starting load of Teleport at 1605463128364
[20-11-15 20:58:48] [INFO] [DEBUG] Teleport has been loaded. (took 0ms)
[20-11-15 20:58:48] [INFO] [DEBUG] Starting load of ExtensionManager at 1605463128364
[20-11-15 20:58:48] [INFO] [DEBUG] ExtensionManager has been loaded. (took 0ms)
[20-11-15 20:58:50] [INFO] No updates were available. You are on the latest version!
[20-11-15 21:45:33] [INFO] [DEBUG] onDisable start -> 1605465933650

[20-11-15 21:45:33] [INFO] [DEBUG] Starting unload of ExtensionManager at 1605465933655
[20-11-15 21:45:33] [INFO] [DEBUG] ExtensionManager has been unloaded. (took 0ms)
[20-11-15 21:45:33] [INFO] [DEBUG] Starting unload of Teleport at 1605465933655
[20-11-15 21:45:33] [INFO] [DEBUG] Teleport has been unloaded. (took 0ms)
[20-11-15 21:45:33] [INFO] [DEBUG] Starting unload of RequestManager at 1605465933655
[20-11-15 21:45:33] [INFO] [DEBUG] RequestManager has been unloaded. (took 0ms)
[20-11-15 21:45:33] [INFO] [DEBUG] Starting unload of QueueSignManager at 1605465933655
[20-11-15 21:45:33] [INFO] [DEBUG] QueueSignManager has been unloaded. (took 0ms)
[20-11-15 21:45:33] [INFO] [DEBUG] Starting unload of QueueManager at 1605465933655
[20-11-15 21:45:33] [INFO] [DEBUG] QueueManager has been unloaded. (took 1ms)
[20-11-15 21:45:33] [INFO] [DEBUG] Starting unload of DuelManager at 1605465933656
[20-11-15 21:45:33] [INFO] [DEBUG] DuelManager has been unloaded. (took 1ms)
[20-11-15 21:45:33] [INFO] [DEBUG] Starting unload of InventoryManager at 1605465933657
[20-11-15 21:45:33] [INFO] [DEBUG] InventoryManager has been unloaded. (took 0ms)
[20-11-15 21:45:33] [INFO] [DEBUG] Starting unload of BettingManager at 1605465933657
[20-11-15 21:45:33] [INFO] [DEBUG] BettingManager has been unloaded. (took 0ms)
[20-11-15 21:45:33] [INFO] [DEBUG] Starting unload of SpectateManager at 1605465933657
[20-11-15 21:45:33] [INFO] [DEBUG] SpectateManager has been unloaded. (took 0ms)
[20-11-15 21:45:33] [INFO] [DEBUG] Starting unload of PlayerInfoManager at 1605465933657
[20-11-15 21:45:33] [INFO] [DEBUG] PlayerInfoManager has been unloaded. (took 0ms)
[20-11-15 21:45:33] [INFO] [DEBUG] Starting unload of SettingsManager at 1605465933657
[20-11-15 21:45:33] [INFO] [DEBUG] SettingsManager has been unloaded. (took 0ms)
[20-11-15 21:45:33] [INFO] [DEBUG] Starting unload of ArenaManager at 1605465933658
[20-11-15 21:45:33] [INFO] [DEBUG] ArenaManager has been unloaded. (took 0ms)
[20-11-15 21:45:33] [INFO] [DEBUG] Starting unload of KitManager at 1605465933658
[20-11-15 21:45:33] [INFO] [DEBUG] KitManager has been unloaded. (took 0ms)
[20-11-15 21:45:33] [INFO] [DEBUG] Starting unload of GuiListener at 1605465933658
[20-11-15 21:45:33] [INFO] [DEBUG] GuiListener has been unloaded. (took 4ms)
[20-11-15 21:45:33] [INFO] [DEBUG] Starting unload of UserManager at 1605465933662
[20-11-15 21:45:33] [INFO] [DEBUG] UserManager has been unloaded. (took 0ms)
[20-11-15 21:45:33] [INFO] [DEBUG] Starting unload of Lang at 1605465933662
[20-11-15 21:45:33] [INFO] [DEBUG] Lang has been unloaded. (took 0ms)
[20-11-15 21:45:33] [INFO] [DEBUG] Starting unload of Config at 1605465933662
[20-11-15 21:45:33] [INFO] [DEBUG] Config has been unloaded. (took 0ms)
[20-11-15 21:45:33] [INFO] [DEBUG] unload done (took 12ms)
[20-11-15 21:45:33] [INFO] [DEBUG] Log#clearSources done (took 0ms)
[20-11-15 21:46:09] [INFO] [DEBUG] onEnable start -> 1605465969754

[20-11-15 21:46:09] [INFO] [DEBUG] Starting load of Config at 1605465969860
[20-11-15 21:46:09] [INFO] [DEBUG] Config has been loaded. (took 14ms)
[20-11-15 21:46:09] [INFO] [DEBUG] Starting load of Lang at 1605465969874
[20-11-15 21:46:09] [INFO] [DEBUG] Lang has been loaded. (took 20ms)
[20-11-15 21:46:09] [INFO] [DEBUG] Starting load of UserManager at 1605465969894
[20-11-15 21:46:09] [INFO] [DEBUG] UserManager has been loaded. (took 1ms)
[20-11-15 21:46:09] [INFO] [DEBUG] Starting load of GuiListener at 1605465969895
[20-11-15 21:46:09] [INFO] [DEBUG] GuiListener has been loaded. (took 0ms)
[20-11-15 21:46:09] [INFO] [DEBUG] Starting load of KitManager at 1605465969895
[20-11-15 21:46:09] [INFO] KitManager: Loaded 0 kit(s).
[20-11-15 21:46:09] [INFO] [DEBUG] KitManager has been loaded. (took 33ms)
[20-11-15 21:46:09] [INFO] [DEBUG] Starting load of ArenaManager at 1605465969929
[20-11-15 21:46:09] [INFO] ArenaManager: Loaded 0 arena(s).
[20-11-15 21:46:09] [INFO] [DEBUG] ArenaManager has been loaded. (took 6ms)
[20-11-15 21:46:09] [INFO] [DEBUG] Starting load of SettingsManager at 1605465969935
[20-11-15 21:46:09] [INFO] [DEBUG] SettingsManager has been loaded. (took 0ms)
[20-11-15 21:46:09] [INFO] [DEBUG] Starting load of PlayerInfoManager at 1605465969936
[20-11-15 21:46:09] [INFO] PlayerInfoManager: Lobby location was not set, using world's spawn location as default. Use the command /duels setlobby in-game to set the lobby location.
[20-11-15 21:46:09] [INFO] [DEBUG] PlayerInfoManager has been loaded. (took 0ms)
[20-11-15 21:46:09] [INFO] [DEBUG] Starting load of SpectateManager at 1605465969936
[20-11-15 21:46:09] [INFO] [DEBUG] SpectateManager has been loaded. (took 0ms)
[20-11-15 21:46:09] [INFO] [DEBUG] Starting load of BettingManager at 1605465969936
[20-11-15 21:46:09] [INFO] [DEBUG] BettingManager has been loaded. (took 0ms)
[20-11-15 21:46:09] [INFO] [DEBUG] Starting load of InventoryManager at 1605465969936
[20-11-15 21:46:09] [INFO] [DEBUG] InventoryManager has been loaded. (took 0ms)
[20-11-15 21:46:09] [INFO] [DEBUG] Starting load of DuelManager at 1605465969936
[20-11-15 21:46:09] [INFO] [DEBUG] DuelManager has been loaded. (took 1ms)
[20-11-15 21:46:09] [INFO] [DEBUG] Starting load of QueueManager at 1605465969937
[20-11-15 21:46:09] [INFO] QueueManager: Loaded 0 queue(s).
[20-11-15 21:46:09] [INFO] [DEBUG] QueueManager has been loaded. (took 2ms)
[20-11-15 21:46:09] [INFO] [DEBUG] Starting load of QueueSignManager at 1605465969939
[20-11-15 21:46:09] [INFO] QueueSignManager: Loaded 0 queue sign(s).
[20-11-15 21:46:09] [INFO] [DEBUG] QueueSignManager has been loaded. (took 2ms)
[20-11-15 21:46:09] [INFO] [DEBUG] Starting load of RequestManager at 1605465969941
[20-11-15 21:46:09] [INFO] [DEBUG] RequestManager has been loaded. (took 0ms)
[20-11-15 21:46:09] [INFO] [DEBUG] Starting load of Teleport at 1605465969941
[20-11-15 21:46:09] [INFO] [DEBUG] Teleport has been loaded. (took 0ms)
[20-11-15 21:46:09] [INFO] [DEBUG] Starting load of ExtensionManager at 1605465969941
[20-11-15 21:46:09] [INFO] [DEBUG] ExtensionManager has been loaded. (took 1ms)
[20-11-15 21:46:11] [INFO] No updates were available. You are on the latest version!
[20-11-15 22:37:41] [INFO] [DEBUG] onDisable start -> 1605469061047

[20-11-15 22:37:41] [INFO] [DEBUG] Starting unload of ExtensionManager at 1605469061051
[20-11-15 22:37:41] [INFO] [DEBUG] ExtensionManager has been unloaded. (took 0ms)
[20-11-15 22:37:41] [INFO] [DEBUG] Starting unload of Teleport at 1605469061051
[20-11-15 22:37:41] [INFO] [DEBUG] Teleport has been unloaded. (took 0ms)
[20-11-15 22:37:41] [INFO] [DEBUG] Starting unload of RequestManager at 1605469061051
[20-11-15 22:37:41] [INFO] [DEBUG] RequestManager has been unloaded. (took 0ms)
[20-11-15 22:37:41] [INFO] [DEBUG] Starting unload of QueueSignManager at 1605469061051
[20-11-15 22:37:41] [INFO] [DEBUG] QueueSignManager has been unloaded. (took 1ms)
[20-11-15 22:37:41] [INFO] [DEBUG] Starting unload of QueueManager at 1605469061052
[20-11-15 22:37:41] [INFO] [DEBUG] QueueManager has been unloaded. (took 1ms)
[20-11-15 22:37:41] [INFO] [DEBUG] Starting unload of DuelManager at 1605469061053
[20-11-15 22:37:41] [INFO] [DEBUG] DuelManager has been unloaded. (took 0ms)
[20-11-15 22:37:41] [INFO] [DEBUG] Starting unload of InventoryManager at 1605469061054
[20-11-15 22:37:41] [INFO] [DEBUG] InventoryManager has been unloaded. (took 0ms)
[20-11-15 22:37:41] [INFO] [DEBUG] Starting unload of BettingManager at 1605469061054
[20-11-15 22:37:41] [INFO] [DEBUG] BettingManager has been unloaded. (took 0ms)
[20-11-15 22:37:41] [INFO] [DEBUG] Starting unload of SpectateManager at 1605469061054
[20-11-15 22:37:41] [INFO] [DEBUG] SpectateManager has been unloaded. (took 0ms)
[20-11-15 22:37:41] [INFO] [DEBUG] Starting unload of PlayerInfoManager at 1605469061054
[20-11-15 22:37:41] [INFO] [DEBUG] PlayerInfoManager has been unloaded. (took 0ms)
[20-11-15 22:37:41] [INFO] [DEBUG] Starting unload of SettingsManager at 1605469061054
[20-11-15 22:37:41] [INFO] [DEBUG] SettingsManager has been unloaded. (took 0ms)
[20-11-15 22:37:41] [INFO] [DEBUG] Starting unload of ArenaManager at 1605469061054
[20-11-15 22:37:41] [INFO] [DEBUG] ArenaManager has been unloaded. (took 0ms)
[20-11-15 22:37:41] [INFO] [DEBUG] Starting unload of KitManager at 1605469061054
[20-11-15 22:37:41] [INFO] [DEBUG] KitManager has been unloaded. (took 0ms)
[20-11-15 22:37:41] [INFO] [DEBUG] Starting unload of GuiListener at 1605469061054
[20-11-15 22:37:41] [INFO] [DEBUG] GuiListener has been unloaded. (took 5ms)
[20-11-15 22:37:41] [INFO] [DEBUG] Starting unload of UserManager at 1605469061059
[20-11-15 22:37:41] [INFO] [DEBUG] UserManager has been unloaded. (took 1ms)
[20-11-15 22:37:41] [INFO] [DEBUG] Starting unload of Lang at 1605469061060
[20-11-15 22:37:41] [INFO] [DEBUG] Lang has been unloaded. (took 0ms)
[20-11-15 22:37:41] [INFO] [DEBUG] Starting unload of Config at 1605469061060
[20-11-15 22:37:41] [INFO] [DEBUG] Config has been unloaded. (took 0ms)
[20-11-15 22:37:41] [INFO] [DEBUG] unload done (took 13ms)
[20-11-15 22:37:41] [INFO] [DEBUG] Log#clearSources done (took 0ms)
[20-11-15 22:37:51] [INFO] [DEBUG] onEnable start -> 1605469071595

[20-11-15 22:37:51] [INFO] [DEBUG] Starting load of Config at 1605469071703
[20-11-15 22:37:51] [INFO] [DEBUG] Config has been loaded. (took 11ms)
[20-11-15 22:37:51] [INFO] [DEBUG] Starting load of Lang at 1605469071715
[20-11-15 22:37:51] [INFO] [DEBUG] Lang has been loaded. (took 12ms)
[20-11-15 22:37:51] [INFO] [DEBUG] Starting load of UserManager at 1605469071727
[20-11-15 22:37:51] [INFO] [DEBUG] UserManager has been loaded. (took 1ms)
[20-11-15 22:37:51] [INFO] [DEBUG] Starting load of GuiListener at 1605469071728
[20-11-15 22:37:51] [INFO] [DEBUG] GuiListener has been loaded. (took 0ms)
[20-11-15 22:37:51] [INFO] [DEBUG] Starting load of KitManager at 1605469071728
[20-11-15 22:37:51] [INFO] KitManager: Loaded 0 kit(s).
[20-11-15 22:37:51] [INFO] [DEBUG] KitManager has been loaded. (took 28ms)
[20-11-15 22:37:51] [INFO] [DEBUG] Starting load of ArenaManager at 1605469071756
[20-11-15 22:37:51] [INFO] ArenaManager: Loaded 0 arena(s).
[20-11-15 22:37:51] [INFO] [DEBUG] ArenaManager has been loaded. (took 7ms)
[20-11-15 22:37:51] [INFO] [DEBUG] Starting load of SettingsManager at 1605469071763
[20-11-15 22:37:51] [INFO] [DEBUG] SettingsManager has been loaded. (took 0ms)
[20-11-15 22:37:51] [INFO] [DEBUG] Starting load of PlayerInfoManager at 1605469071763
[20-11-15 22:37:51] [INFO] PlayerInfoManager: Lobby location was not set, using world's spawn location as default. Use the command /duels setlobby in-game to set the lobby location.
[20-11-15 22:37:51] [INFO] [DEBUG] PlayerInfoManager has been loaded. (took 0ms)
[20-11-15 22:37:51] [INFO] [DEBUG] Starting load of SpectateManager at 1605469071763
[20-11-15 22:37:51] [INFO] [DEBUG] SpectateManager has been loaded. (took 0ms)
[20-11-15 22:37:51] [INFO] [DEBUG] Starting load of BettingManager at 1605469071763
[20-11-15 22:37:51] [INFO] [DEBUG] BettingManager has been loaded. (took 0ms)
[20-11-15 22:37:51] [INFO] [DEBUG] Starting load of InventoryManager at 1605469071763
[20-11-15 22:37:51] [INFO] [DEBUG] InventoryManager has been loaded. (took 0ms)
[20-11-15 22:37:51] [INFO] [DEBUG] Starting load of DuelManager at 1605469071763
[20-11-15 22:37:51] [INFO] [DEBUG] DuelManager has been loaded. (took 0ms)
[20-11-15 22:37:51] [INFO] [DEBUG] Starting load of QueueManager at 1605469071763
[20-11-15 22:37:51] [INFO] QueueManager: Loaded 0 queue(s).
[20-11-15 22:37:51] [INFO] [DEBUG] QueueManager has been loaded. (took 3ms)
[20-11-15 22:37:51] [INFO] [DEBUG] Starting load of QueueSignManager at 1605469071766
[20-11-15 22:37:51] [INFO] QueueSignManager: Loaded 0 queue sign(s).
[20-11-15 22:37:51] [INFO] [DEBUG] QueueSignManager has been loaded. (took 2ms)
[20-11-15 22:37:51] [INFO] [DEBUG] Starting load of RequestManager at 1605469071768
[20-11-15 22:37:51] [INFO] [DEBUG] RequestManager has been loaded. (took 0ms)
[20-11-15 22:37:51] [INFO] [DEBUG] Starting load of Teleport at 1605469071768
[20-11-15 22:37:51] [INFO] [DEBUG] Teleport has been loaded. (took 0ms)
[20-11-15 22:37:51] [INFO] [DEBUG] Starting load of ExtensionManager at 1605469071768
[20-11-15 22:37:51] [INFO] [DEBUG] ExtensionManager has been loaded. (took 0ms)
[20-11-15 22:37:53] [INFO] No updates were available. You are on the latest version!
[20-11-16 03:54:36] [INFO] [DEBUG] onDisable start -> 1605488076970

[20-11-16 03:54:36] [INFO] [DEBUG] Starting unload of ExtensionManager at 1605488076973
[20-11-16 03:54:36] [INFO] [DEBUG] ExtensionManager has been unloaded. (took 1ms)
[20-11-16 03:54:36] [INFO] [DEBUG] Starting unload of Teleport at 1605488076974
[20-11-16 03:54:36] [INFO] [DEBUG] Teleport has been unloaded. (took 0ms)
[20-11-16 03:54:36] [INFO] [DEBUG] Starting unload of RequestManager at 1605488076974
[20-11-16 03:54:36] [INFO] [DEBUG] RequestManager has been unloaded. (took 0ms)
[20-11-16 03:54:36] [INFO] [DEBUG] Starting unload of QueueSignManager at 1605488076974
[20-11-16 03:54:36] [INFO] [DEBUG] QueueSignManager has been unloaded. (took 4ms)
[20-11-16 03:54:36] [INFO] [DEBUG] Starting unload of QueueManager at 1605488076978
[20-11-16 03:54:36] [INFO] [DEBUG] QueueManager has been unloaded. (took 1ms)
[20-11-16 03:54:36] [INFO] [DEBUG] Starting unload of DuelManager at 1605488076979
[20-11-16 03:54:36] [INFO] [DEBUG] DuelManager has been unloaded. (took 1ms)
[20-11-16 03:54:36] [INFO] [DEBUG] Starting unload of InventoryManager at 1605488076980
[20-11-16 03:54:36] [INFO] [DEBUG] InventoryManager has been unloaded. (took 0ms)
[20-11-16 03:54:36] [INFO] [DEBUG] Starting unload of BettingManager at 1605488076980
[20-11-16 03:54:36] [INFO] [DEBUG] BettingManager has been unloaded. (took 0ms)
[20-11-16 03:54:36] [INFO] [DEBUG] Starting unload of SpectateManager at 1605488076980
[20-11-16 03:54:36] [INFO] [DEBUG] SpectateManager has been unloaded. (took 0ms)
[20-11-16 03:54:36] [INFO] [DEBUG] Starting unload of PlayerInfoManager at 1605488076980
[20-11-16 03:54:36] [INFO] [DEBUG] PlayerInfoManager has been unloaded. (took 0ms)
[20-11-16 03:54:36] [INFO] [DEBUG] Starting unload of SettingsManager at 1605488076980
[20-11-16 03:54:36] [INFO] [DEBUG] SettingsManager has been unloaded. (took 0ms)
[20-11-16 03:54:36] [INFO] [DEBUG] Starting unload of ArenaManager at 1605488076980
[20-11-16 03:54:36] [INFO] [DEBUG] ArenaManager has been unloaded. (took 0ms)
[20-11-16 03:54:36] [INFO] [DEBUG] Starting unload of KitManager at 1605488076980
[20-11-16 03:54:36] [INFO] [DEBUG] KitManager has been unloaded. (took 0ms)
[20-11-16 03:54:36] [INFO] [DEBUG] Starting unload of GuiListener at 1605488076980
[20-11-16 03:54:36] [INFO] [DEBUG] GuiListener has been unloaded. (took 1ms)
[20-11-16 03:54:36] [INFO] [DEBUG] Starting unload of UserManager at 1605488076981
[20-11-16 03:54:36] [INFO] [DEBUG] UserManager has been unloaded. (took 0ms)
[20-11-16 03:54:36] [INFO] [DEBUG] Starting unload of Lang at 1605488076981
[20-11-16 03:54:36] [INFO] [DEBUG] Lang has been unloaded. (took 0ms)
[20-11-16 03:54:36] [INFO] [DEBUG] Starting unload of Config at 1605488076981
[20-11-16 03:54:36] [INFO] [DEBUG] Config has been unloaded. (took 0ms)
[20-11-16 03:54:36] [INFO] [DEBUG] unload done (took 12ms)
[20-11-16 03:54:36] [INFO] [DEBUG] Log#clearSources done (took 0ms)
