[20-11-20 10:33:27] [INFO] [DEBUG] onEnable start -> 1605857607582

[20-11-20 10:33:27] [INFO] [DEBUG] Starting load of Config at 1605857607680
[20-11-20 10:33:27] [INFO] [DEBUG] Config has been loaded. (took 11ms)
[20-11-20 10:33:27] [INFO] [DEBUG] Starting load of Lang at 1605857607691
[20-11-20 10:33:27] [INFO] [DEBUG] Lang has been loaded. (took 13ms)
[20-11-20 10:33:27] [INFO] [DEBUG] Starting load of UserManager at 1605857607704
[20-11-20 10:33:27] [INFO] [DEBUG] UserManager has been loaded. (took 1ms)
[20-11-20 10:33:27] [INFO] [DEBUG] Starting load of GuiListener at 1605857607705
[20-11-20 10:33:27] [INFO] [DEBUG] GuiListener has been loaded. (took 0ms)
[20-11-20 10:33:27] [INFO] [DEBUG] Starting load of KitManager at 1605857607705
[20-11-20 10:33:27] [INFO] KitManager: Loaded 0 kit(s).
[20-11-20 10:33:27] [INFO] [DEBUG] KitManager has been loaded. (took 29ms)
[20-11-20 10:33:27] [INFO] [DEBUG] Starting load of ArenaManager at 1605857607734
[20-11-20 10:33:27] [INFO] ArenaManager: Loaded 0 arena(s).
[20-11-20 10:33:27] [INFO] [DEBUG] ArenaManager has been loaded. (took 6ms)
[20-11-20 10:33:27] [INFO] [DEBUG] Starting load of SettingsManager at 1605857607740
[20-11-20 10:33:27] [INFO] [DEBUG] SettingsManager has been loaded. (took 0ms)
[20-11-20 10:33:27] [INFO] [DEBUG] Starting load of PlayerInfoManager at 1605857607740
[20-11-20 10:33:27] [INFO] PlayerInfoManager: Lobby location was not set, using world's spawn location as default. Use the command /duels setlobby in-game to set the lobby location.
[20-11-20 10:33:27] [INFO] [DEBUG] PlayerInfoManager has been loaded. (took 1ms)
[20-11-20 10:33:27] [INFO] [DEBUG] Starting load of SpectateManager at 1605857607741
[20-11-20 10:33:27] [INFO] [DEBUG] SpectateManager has been loaded. (took 0ms)
[20-11-20 10:33:27] [INFO] [DEBUG] Starting load of BettingManager at 1605857607741
[20-11-20 10:33:27] [INFO] [DEBUG] BettingManager has been loaded. (took 0ms)
[20-11-20 10:33:27] [INFO] [DEBUG] Starting load of InventoryManager at 1605857607741
[20-11-20 10:33:27] [INFO] [DEBUG] InventoryManager has been loaded. (took 0ms)
[20-11-20 10:33:27] [INFO] [DEBUG] Starting load of DuelManager at 1605857607741
[20-11-20 10:33:27] [INFO] [DEBUG] DuelManager has been loaded. (took 0ms)
[20-11-20 10:33:27] [INFO] [DEBUG] Starting load of QueueManager at 1605857607741
[20-11-20 10:33:27] [INFO] QueueManager: Loaded 0 queue(s).
[20-11-20 10:33:27] [INFO] [DEBUG] QueueManager has been loaded. (took 3ms)
[20-11-20 10:33:27] [INFO] [DEBUG] Starting load of QueueSignManager at 1605857607744
[20-11-20 10:33:27] [INFO] QueueSignManager: Loaded 0 queue sign(s).
[20-11-20 10:33:27] [INFO] [DEBUG] QueueSignManager has been loaded. (took 1ms)
[20-11-20 10:33:27] [INFO] [DEBUG] Starting load of RequestManager at 1605857607745
[20-11-20 10:33:27] [INFO] [DEBUG] RequestManager has been loaded. (took 0ms)
[20-11-20 10:33:27] [INFO] [DEBUG] Starting load of Teleport at 1605857607745
[20-11-20 10:33:27] [INFO] [DEBUG] Teleport has been loaded. (took 1ms)
[20-11-20 10:33:27] [INFO] [DEBUG] Starting load of ExtensionManager at 1605857607746
[20-11-20 10:33:27] [INFO] [DEBUG] ExtensionManager has been loaded. (took 0ms)
[20-11-20 10:33:28] [WARNING] UserManager: Could not load userdata from file: f2e7832e-00bf-3cdd-9d75-c0bba3957fbd.json
[20-11-20 10:33:29] [INFO] No updates were available. You are on the latest version!
[20-11-20 17:09:46] [INFO] [DEBUG] onDisable start -> 1605881386682

[20-11-20 17:09:46] [INFO] [DEBUG] Starting unload of ExtensionManager at 1605881386692
[20-11-20 17:09:46] [INFO] [DEBUG] ExtensionManager has been unloaded. (took 1ms)
[20-11-20 17:09:46] [INFO] [DEBUG] Starting unload of Teleport at 1605881386693
[20-11-20 17:09:46] [INFO] [DEBUG] Teleport has been unloaded. (took 0ms)
[20-11-20 17:09:46] [INFO] [DEBUG] Starting unload of RequestManager at 1605881386693
[20-11-20 17:09:46] [INFO] [DEBUG] RequestManager has been unloaded. (took 0ms)
[20-11-20 17:09:46] [INFO] [DEBUG] Starting unload of QueueSignManager at 1605881386693
[20-11-20 17:09:46] [INFO] [DEBUG] QueueSignManager has been unloaded. (took 1ms)
[20-11-20 17:09:46] [INFO] [DEBUG] Starting unload of QueueManager at 1605881386694
[20-11-20 17:09:46] [INFO] [DEBUG] QueueManager has been unloaded. (took 1ms)
[20-11-20 17:09:46] [INFO] [DEBUG] Starting unload of DuelManager at 1605881386695
[20-11-20 17:09:46] [INFO] [DEBUG] DuelManager has been unloaded. (took 1ms)
[20-11-20 17:09:46] [INFO] [DEBUG] Starting unload of InventoryManager at 1605881386696
[20-11-20 17:09:46] [INFO] [DEBUG] InventoryManager has been unloaded. (took 0ms)
[20-11-20 17:09:46] [INFO] [DEBUG] Starting unload of BettingManager at 1605881386696
[20-11-20 17:09:46] [INFO] [DEBUG] BettingManager has been unloaded. (took 0ms)
[20-11-20 17:09:46] [INFO] [DEBUG] Starting unload of SpectateManager at 1605881386696
[20-11-20 17:09:46] [INFO] [DEBUG] SpectateManager has been unloaded. (took 0ms)
[20-11-20 17:09:46] [INFO] [DEBUG] Starting unload of PlayerInfoManager at 1605881386696
[20-11-20 17:09:46] [INFO] [DEBUG] PlayerInfoManager has been unloaded. (took 1ms)
[20-11-20 17:09:46] [INFO] [DEBUG] Starting unload of SettingsManager at 1605881386697
[20-11-20 17:09:46] [INFO] [DEBUG] SettingsManager has been unloaded. (took 0ms)
[20-11-20 17:09:46] [INFO] [DEBUG] Starting unload of ArenaManager at 1605881386697
[20-11-20 17:09:46] [INFO] [DEBUG] ArenaManager has been unloaded. (took 0ms)
[20-11-20 17:09:46] [INFO] [DEBUG] Starting unload of KitManager at 1605881386697
[20-11-20 17:09:46] [INFO] [DEBUG] KitManager has been unloaded. (took 0ms)
[20-11-20 17:09:46] [INFO] [DEBUG] Starting unload of GuiListener at 1605881386697
[20-11-20 17:09:46] [INFO] [DEBUG] GuiListener has been unloaded. (took 1ms)
[20-11-20 17:09:46] [INFO] [DEBUG] Starting unload of UserManager at 1605881386698
[20-11-20 17:09:46] [INFO] [DEBUG] UserManager has been unloaded. (took 1ms)
[20-11-20 17:09:46] [INFO] [DEBUG] Starting unload of Lang at 1605881386699
[20-11-20 17:09:46] [INFO] [DEBUG] Lang has been unloaded. (took 0ms)
[20-11-20 17:09:46] [INFO] [DEBUG] Starting unload of Config at 1605881386699
[20-11-20 17:09:46] [INFO] [DEBUG] Config has been unloaded. (took 0ms)
[20-11-20 17:09:46] [INFO] [DEBUG] unload done (took 17ms)
[20-11-20 17:09:46] [INFO] [DEBUG] Log#clearSources done (took 0ms)
[20-11-20 17:10:20] [INFO] [DEBUG] onEnable start -> 1605881420698

[20-11-20 17:10:20] [INFO] [DEBUG] Starting load of Config at 1605881420812
[20-11-20 17:10:20] [INFO] [DEBUG] Config has been loaded. (took 16ms)
[20-11-20 17:10:20] [INFO] [DEBUG] Starting load of Lang at 1605881420828
[20-11-20 17:10:20] [INFO] [DEBUG] Lang has been loaded. (took 20ms)
[20-11-20 17:10:20] [INFO] [DEBUG] Starting load of UserManager at 1605881420848
[20-11-20 17:10:20] [INFO] [DEBUG] UserManager has been loaded. (took 1ms)
[20-11-20 17:10:20] [INFO] [DEBUG] Starting load of GuiListener at 1605881420849
[20-11-20 17:10:20] [INFO] [DEBUG] GuiListener has been loaded. (took 0ms)
[20-11-20 17:10:20] [INFO] [DEBUG] Starting load of KitManager at 1605881420849
[20-11-20 17:10:20] [INFO] KitManager: Loaded 0 kit(s).
[20-11-20 17:10:20] [INFO] [DEBUG] KitManager has been loaded. (took 32ms)
[20-11-20 17:10:20] [INFO] [DEBUG] Starting load of ArenaManager at 1605881420881
[20-11-20 17:10:20] [INFO] ArenaManager: Loaded 0 arena(s).
[20-11-20 17:10:20] [INFO] [DEBUG] ArenaManager has been loaded. (took 6ms)
[20-11-20 17:10:20] [INFO] [DEBUG] Starting load of SettingsManager at 1605881420887
[20-11-20 17:10:20] [INFO] [DEBUG] SettingsManager has been loaded. (took 0ms)
[20-11-20 17:10:20] [INFO] [DEBUG] Starting load of PlayerInfoManager at 1605881420887
[20-11-20 17:10:20] [INFO] PlayerInfoManager: Lobby location was not set, using world's spawn location as default. Use the command /duels setlobby in-game to set the lobby location.
[20-11-20 17:10:20] [INFO] [DEBUG] PlayerInfoManager has been loaded. (took 1ms)
[20-11-20 17:10:20] [INFO] [DEBUG] Starting load of SpectateManager at 1605881420888
[20-11-20 17:10:20] [INFO] [DEBUG] SpectateManager has been loaded. (took 0ms)
[20-11-20 17:10:20] [INFO] [DEBUG] Starting load of BettingManager at 1605881420888
[20-11-20 17:10:20] [INFO] [DEBUG] BettingManager has been loaded. (took 0ms)
[20-11-20 17:10:20] [INFO] [DEBUG] Starting load of InventoryManager at 1605881420888
[20-11-20 17:10:20] [INFO] [DEBUG] InventoryManager has been loaded. (took 0ms)
[20-11-20 17:10:20] [INFO] [DEBUG] Starting load of DuelManager at 1605881420888
[20-11-20 17:10:20] [INFO] [DEBUG] DuelManager has been loaded. (took 0ms)
[20-11-20 17:10:20] [INFO] [DEBUG] Starting load of QueueManager at 1605881420888
[20-11-20 17:10:20] [INFO] QueueManager: Loaded 0 queue(s).
[20-11-20 17:10:20] [INFO] [DEBUG] QueueManager has been loaded. (took 3ms)
[20-11-20 17:10:20] [INFO] [DEBUG] Starting load of QueueSignManager at 1605881420891
[20-11-20 17:10:20] [INFO] QueueSignManager: Loaded 0 queue sign(s).
[20-11-20 17:10:20] [INFO] [DEBUG] QueueSignManager has been loaded. (took 1ms)
[20-11-20 17:10:20] [INFO] [DEBUG] Starting load of RequestManager at 1605881420892
[20-11-20 17:10:20] [INFO] [DEBUG] RequestManager has been loaded. (took 1ms)
[20-11-20 17:10:20] [INFO] [DEBUG] Starting load of Teleport at 1605881420893
[20-11-20 17:10:20] [INFO] [DEBUG] Teleport has been loaded. (took 0ms)
[20-11-20 17:10:20] [INFO] [DEBUG] Starting load of ExtensionManager at 1605881420893
[20-11-20 17:10:20] [INFO] [DEBUG] ExtensionManager has been loaded. (took 0ms)
[20-11-20 17:10:22] [WARNING] UserManager: Could not load userdata from file: f2e7832e-00bf-3cdd-9d75-c0bba3957fbd.json
[20-11-20 17:10:22] [INFO] No updates were available. You are on the latest version!
[20-11-20 18:28:01] [INFO] [DEBUG] onDisable start -> 1605886081115

[20-11-20 18:28:01] [INFO] [DEBUG] Starting unload of ExtensionManager at 1605886081122
[20-11-20 18:28:01] [INFO] [DEBUG] ExtensionManager has been unloaded. (took 1ms)
[20-11-20 18:28:01] [INFO] [DEBUG] Starting unload of Teleport at 1605886081123
[20-11-20 18:28:01] [INFO] [DEBUG] Teleport has been unloaded. (took 0ms)
[20-11-20 18:28:01] [INFO] [DEBUG] Starting unload of RequestManager at 1605886081123
[20-11-20 18:28:01] [INFO] [DEBUG] RequestManager has been unloaded. (took 0ms)
[20-11-20 18:28:01] [INFO] [DEBUG] Starting unload of QueueSignManager at 1605886081123
[20-11-20 18:28:01] [INFO] [DEBUG] QueueSignManager has been unloaded. (took 0ms)
[20-11-20 18:28:01] [INFO] [DEBUG] Starting unload of QueueManager at 1605886081123
[20-11-20 18:28:01] [INFO] [DEBUG] QueueManager has been unloaded. (took 1ms)
[20-11-20 18:28:01] [INFO] [DEBUG] Starting unload of DuelManager at 1605886081124
[20-11-20 18:28:01] [INFO] [DEBUG] DuelManager has been unloaded. (took 1ms)
[20-11-20 18:28:01] [INFO] [DEBUG] Starting unload of InventoryManager at 1605886081125
[20-11-20 18:28:01] [INFO] [DEBUG] InventoryManager has been unloaded. (took 0ms)
[20-11-20 18:28:01] [INFO] [DEBUG] Starting unload of BettingManager at 1605886081125
[20-11-20 18:28:01] [INFO] [DEBUG] BettingManager has been unloaded. (took 0ms)
[20-11-20 18:28:01] [INFO] [DEBUG] Starting unload of SpectateManager at 1605886081125
[20-11-20 18:28:01] [INFO] [DEBUG] SpectateManager has been unloaded. (took 0ms)
[20-11-20 18:28:01] [INFO] [DEBUG] Starting unload of PlayerInfoManager at 1605886081125
[20-11-20 18:28:01] [INFO] [DEBUG] PlayerInfoManager has been unloaded. (took 0ms)
[20-11-20 18:28:01] [INFO] [DEBUG] Starting unload of SettingsManager at 1605886081125
[20-11-20 18:28:01] [INFO] [DEBUG] SettingsManager has been unloaded. (took 0ms)
[20-11-20 18:28:01] [INFO] [DEBUG] Starting unload of ArenaManager at 1605886081125
[20-11-20 18:28:01] [INFO] [DEBUG] ArenaManager has been unloaded. (took 0ms)
[20-11-20 18:28:01] [INFO] [DEBUG] Starting unload of KitManager at 1605886081125
[20-11-20 18:28:01] [INFO] [DEBUG] KitManager has been unloaded. (took 0ms)
[20-11-20 18:28:01] [INFO] [DEBUG] Starting unload of GuiListener at 1605886081125
[20-11-20 18:28:01] [INFO] [DEBUG] GuiListener has been unloaded. (took 1ms)
[20-11-20 18:28:01] [INFO] [DEBUG] Starting unload of UserManager at 1605886081126
[20-11-20 18:28:01] [INFO] [DEBUG] UserManager has been unloaded. (took 1ms)
[20-11-20 18:28:01] [INFO] [DEBUG] Starting unload of Lang at 1605886081127
[20-11-20 18:28:01] [INFO] [DEBUG] Lang has been unloaded. (took 0ms)
[20-11-20 18:28:01] [INFO] [DEBUG] Starting unload of Config at 1605886081127
[20-11-20 18:28:01] [INFO] [DEBUG] Config has been unloaded. (took 0ms)
[20-11-20 18:28:01] [INFO] [DEBUG] unload done (took 12ms)
[20-11-20 18:28:01] [INFO] [DEBUG] Log#clearSources done (took 0ms)
[20-11-20 18:28:23] [INFO] [DEBUG] onEnable start -> 1605886103864

[20-11-20 18:28:23] [INFO] [DEBUG] Starting load of Config at 1605886103965
[20-11-20 18:28:23] [INFO] [DEBUG] Config has been loaded. (took 12ms)
[20-11-20 18:28:23] [INFO] [DEBUG] Starting load of Lang at 1605886103977
[20-11-20 18:28:23] [INFO] [DEBUG] Lang has been loaded. (took 14ms)
[20-11-20 18:28:23] [INFO] [DEBUG] Starting load of UserManager at 1605886103992
[20-11-20 18:28:23] [INFO] [DEBUG] UserManager has been loaded. (took 0ms)
[20-11-20 18:28:23] [INFO] [DEBUG] Starting load of GuiListener at 1605886103992
[20-11-20 18:28:23] [INFO] [DEBUG] GuiListener has been loaded. (took 0ms)
[20-11-20 18:28:23] [INFO] [DEBUG] Starting load of KitManager at 1605886103992
[20-11-20 18:28:24] [INFO] KitManager: Loaded 0 kit(s).
[20-11-20 18:28:24] [INFO] [DEBUG] KitManager has been loaded. (took 27ms)
[20-11-20 18:28:24] [INFO] [DEBUG] Starting load of ArenaManager at 1605886104019
[20-11-20 18:28:24] [INFO] ArenaManager: Loaded 0 arena(s).
[20-11-20 18:28:24] [INFO] [DEBUG] ArenaManager has been loaded. (took 6ms)
[20-11-20 18:28:24] [INFO] [DEBUG] Starting load of SettingsManager at 1605886104026
[20-11-20 18:28:24] [INFO] [DEBUG] SettingsManager has been loaded. (took 0ms)
[20-11-20 18:28:24] [INFO] [DEBUG] Starting load of PlayerInfoManager at 1605886104026
[20-11-20 18:28:24] [INFO] PlayerInfoManager: Lobby location was not set, using world's spawn location as default. Use the command /duels setlobby in-game to set the lobby location.
[20-11-20 18:28:24] [INFO] [DEBUG] PlayerInfoManager has been loaded. (took 0ms)
[20-11-20 18:28:24] [INFO] [DEBUG] Starting load of SpectateManager at 1605886104026
[20-11-20 18:28:24] [INFO] [DEBUG] SpectateManager has been loaded. (took 0ms)
[20-11-20 18:28:24] [INFO] [DEBUG] Starting load of BettingManager at 1605886104026
[20-11-20 18:28:24] [INFO] [DEBUG] BettingManager has been loaded. (took 0ms)
[20-11-20 18:28:24] [INFO] [DEBUG] Starting load of InventoryManager at 1605886104026
[20-11-20 18:28:24] [INFO] [DEBUG] InventoryManager has been loaded. (took 1ms)
[20-11-20 18:28:24] [INFO] [DEBUG] Starting load of DuelManager at 1605886104027
[20-11-20 18:28:24] [INFO] [DEBUG] DuelManager has been loaded. (took 0ms)
[20-11-20 18:28:24] [INFO] [DEBUG] Starting load of QueueManager at 1605886104027
[20-11-20 18:28:24] [INFO] QueueManager: Loaded 0 queue(s).
[20-11-20 18:28:24] [INFO] [DEBUG] QueueManager has been loaded. (took 3ms)
[20-11-20 18:28:24] [INFO] [DEBUG] Starting load of QueueSignManager at 1605886104030
[20-11-20 18:28:24] [INFO] QueueSignManager: Loaded 0 queue sign(s).
[20-11-20 18:28:24] [INFO] [DEBUG] QueueSignManager has been loaded. (took 2ms)
[20-11-20 18:28:24] [INFO] [DEBUG] Starting load of RequestManager at 1605886104032
[20-11-20 18:28:24] [INFO] [DEBUG] RequestManager has been loaded. (took 0ms)
[20-11-20 18:28:24] [INFO] [DEBUG] Starting load of Teleport at 1605886104032
[20-11-20 18:28:24] [INFO] [DEBUG] Teleport has been loaded. (took 0ms)
[20-11-20 18:28:24] [INFO] [DEBUG] Starting load of ExtensionManager at 1605886104032
[20-11-20 18:28:24] [INFO] [DEBUG] ExtensionManager has been loaded. (took 1ms)
[20-11-20 18:28:25] [WARNING] UserManager: Could not load userdata from file: f2e7832e-00bf-3cdd-9d75-c0bba3957fbd.json
[20-11-20 18:28:25] [INFO] No updates were available. You are on the latest version!
[20-11-20 18:29:13] [INFO] [DEBUG] onDisable start -> 1605886153019

[20-11-20 18:29:13] [INFO] [DEBUG] Starting unload of ExtensionManager at 1605886153025
[20-11-20 18:29:13] [INFO] [DEBUG] ExtensionManager has been unloaded. (took 1ms)
[20-11-20 18:29:13] [INFO] [DEBUG] Starting unload of Teleport at 1605886153026
[20-11-20 18:29:13] [INFO] [DEBUG] Teleport has been unloaded. (took 1ms)
[20-11-20 18:29:13] [INFO] [DEBUG] Starting unload of RequestManager at 1605886153027
[20-11-20 18:29:13] [INFO] [DEBUG] RequestManager has been unloaded. (took 0ms)
[20-11-20 18:29:13] [INFO] [DEBUG] Starting unload of QueueSignManager at 1605886153027
[20-11-20 18:29:13] [INFO] [DEBUG] QueueSignManager has been unloaded. (took 5ms)
[20-11-20 18:29:13] [INFO] [DEBUG] Starting unload of QueueManager at 1605886153032
[20-11-20 18:29:13] [INFO] [DEBUG] QueueManager has been unloaded. (took 6ms)
[20-11-20 18:29:13] [INFO] [DEBUG] Starting unload of DuelManager at 1605886153038
[20-11-20 18:29:13] [INFO] [DEBUG] DuelManager has been unloaded. (took 0ms)
[20-11-20 18:29:13] [INFO] [DEBUG] Starting unload of InventoryManager at 1605886153038
[20-11-20 18:29:13] [INFO] [DEBUG] InventoryManager has been unloaded. (took 1ms)
[20-11-20 18:29:13] [INFO] [DEBUG] Starting unload of BettingManager at 1605886153039
[20-11-20 18:29:13] [INFO] [DEBUG] BettingManager has been unloaded. (took 0ms)
[20-11-20 18:29:13] [INFO] [DEBUG] Starting unload of SpectateManager at 1605886153039
[20-11-20 18:29:13] [INFO] [DEBUG] SpectateManager has been unloaded. (took 0ms)
[20-11-20 18:29:13] [INFO] [DEBUG] Starting unload of PlayerInfoManager at 1605886153039
[20-11-20 18:29:13] [INFO] [DEBUG] PlayerInfoManager has been unloaded. (took 0ms)
[20-11-20 18:29:13] [INFO] [DEBUG] Starting unload of SettingsManager at 1605886153039
[20-11-20 18:29:13] [INFO] [DEBUG] SettingsManager has been unloaded. (took 0ms)
[20-11-20 18:29:13] [INFO] [DEBUG] Starting unload of ArenaManager at 1605886153039
[20-11-20 18:29:13] [INFO] [DEBUG] ArenaManager has been unloaded. (took 0ms)
[20-11-20 18:29:13] [INFO] [DEBUG] Starting unload of KitManager at 1605886153039
[20-11-20 18:29:13] [INFO] [DEBUG] KitManager has been unloaded. (took 1ms)
[20-11-20 18:29:13] [INFO] [DEBUG] Starting unload of GuiListener at 1605886153040
[20-11-20 18:29:13] [INFO] [DEBUG] GuiListener has been unloaded. (took 0ms)
[20-11-20 18:29:13] [INFO] [DEBUG] Starting unload of UserManager at 1605886153040
[20-11-20 18:29:13] [INFO] [DEBUG] UserManager has been unloaded. (took 2ms)
[20-11-20 18:29:13] [INFO] [DEBUG] Starting unload of Lang at 1605886153042
[20-11-20 18:29:13] [INFO] [DEBUG] Lang has been unloaded. (took 0ms)
[20-11-20 18:29:13] [INFO] [DEBUG] Starting unload of Config at 1605886153042
[20-11-20 18:29:13] [INFO] [DEBUG] Config has been unloaded. (took 0ms)
[20-11-20 18:29:13] [INFO] [DEBUG] unload done (took 23ms)
[20-11-20 18:29:13] [INFO] [DEBUG] Log#clearSources done (took 0ms)
[20-11-20 18:29:48] [INFO] [DEBUG] onEnable start -> 1605886188999

[20-11-20 18:29:49] [INFO] [DEBUG] Starting load of Config at 1605886189102
[20-11-20 18:29:49] [INFO] [DEBUG] Config has been loaded. (took 11ms)
[20-11-20 18:29:49] [INFO] [DEBUG] Starting load of Lang at 1605886189113
[20-11-20 18:29:49] [INFO] [DEBUG] Lang has been loaded. (took 14ms)
[20-11-20 18:29:49] [INFO] [DEBUG] Starting load of UserManager at 1605886189127
[20-11-20 18:29:49] [INFO] [DEBUG] UserManager has been loaded. (took 1ms)
[20-11-20 18:29:49] [INFO] [DEBUG] Starting load of GuiListener at 1605886189128
[20-11-20 18:29:49] [INFO] [DEBUG] GuiListener has been loaded. (took 0ms)
[20-11-20 18:29:49] [INFO] [DEBUG] Starting load of KitManager at 1605886189128
[20-11-20 18:29:49] [INFO] KitManager: Loaded 0 kit(s).
[20-11-20 18:29:49] [INFO] [DEBUG] KitManager has been loaded. (took 27ms)
[20-11-20 18:29:49] [INFO] [DEBUG] Starting load of ArenaManager at 1605886189155
[20-11-20 18:29:49] [INFO] ArenaManager: Loaded 0 arena(s).
[20-11-20 18:29:49] [INFO] [DEBUG] ArenaManager has been loaded. (took 7ms)
[20-11-20 18:29:49] [INFO] [DEBUG] Starting load of SettingsManager at 1605886189162
[20-11-20 18:29:49] [INFO] [DEBUG] SettingsManager has been loaded. (took 0ms)
[20-11-20 18:29:49] [INFO] [DEBUG] Starting load of PlayerInfoManager at 1605886189162
[20-11-20 18:29:49] [INFO] PlayerInfoManager: Lobby location was not set, using world's spawn location as default. Use the command /duels setlobby in-game to set the lobby location.
[20-11-20 18:29:49] [INFO] [DEBUG] PlayerInfoManager has been loaded. (took 0ms)
[20-11-20 18:29:49] [INFO] [DEBUG] Starting load of SpectateManager at 1605886189162
[20-11-20 18:29:49] [INFO] [DEBUG] SpectateManager has been loaded. (took 0ms)
[20-11-20 18:29:49] [INFO] [DEBUG] Starting load of BettingManager at 1605886189162
[20-11-20 18:29:49] [INFO] [DEBUG] BettingManager has been loaded. (took 0ms)
[20-11-20 18:29:49] [INFO] [DEBUG] Starting load of InventoryManager at 1605886189162
[20-11-20 18:29:49] [INFO] [DEBUG] InventoryManager has been loaded. (took 1ms)
[20-11-20 18:29:49] [INFO] [DEBUG] Starting load of DuelManager at 1605886189163
[20-11-20 18:29:49] [INFO] [DEBUG] DuelManager has been loaded. (took 0ms)
[20-11-20 18:29:49] [INFO] [DEBUG] Starting load of QueueManager at 1605886189163
[20-11-20 18:29:49] [INFO] QueueManager: Loaded 0 queue(s).
[20-11-20 18:29:49] [INFO] [DEBUG] QueueManager has been loaded. (took 2ms)
[20-11-20 18:29:49] [INFO] [DEBUG] Starting load of QueueSignManager at 1605886189165
[20-11-20 18:29:49] [INFO] QueueSignManager: Loaded 0 queue sign(s).
[20-11-20 18:29:49] [INFO] [DEBUG] QueueSignManager has been loaded. (took 2ms)
[20-11-20 18:29:49] [INFO] [DEBUG] Starting load of RequestManager at 1605886189167
[20-11-20 18:29:49] [INFO] [DEBUG] RequestManager has been loaded. (took 0ms)
[20-11-20 18:29:49] [INFO] [DEBUG] Starting load of Teleport at 1605886189167
[20-11-20 18:29:49] [INFO] [DEBUG] Teleport has been loaded. (took 0ms)
[20-11-20 18:29:49] [INFO] [DEBUG] Starting load of ExtensionManager at 1605886189168
[20-11-20 18:29:49] [INFO] [DEBUG] ExtensionManager has been loaded. (took 0ms)
[20-11-20 18:29:50] [WARNING] UserManager: Could not load userdata from file: f2e7832e-00bf-3cdd-9d75-c0bba3957fbd.json
[20-11-20 18:29:50] [INFO] No updates were available. You are on the latest version!
[20-11-20 21:28:56] [INFO] [DEBUG] onDisable start -> 1605896936301

[20-11-20 21:28:56] [INFO] [DEBUG] Starting unload of ExtensionManager at 1605896936312
[20-11-20 21:28:56] [INFO] [DEBUG] ExtensionManager has been unloaded. (took 1ms)
[20-11-20 21:28:56] [INFO] [DEBUG] Starting unload of Teleport at 1605896936313
[20-11-20 21:28:56] [INFO] [DEBUG] Teleport has been unloaded. (took 0ms)
[20-11-20 21:28:56] [INFO] [DEBUG] Starting unload of RequestManager at 1605896936313
[20-11-20 21:28:56] [INFO] [DEBUG] RequestManager has been unloaded. (took 0ms)
[20-11-20 21:28:56] [INFO] [DEBUG] Starting unload of QueueSignManager at 1605896936313
[20-11-20 21:28:56] [INFO] [DEBUG] QueueSignManager has been unloaded. (took 1ms)
[20-11-20 21:28:56] [INFO] [DEBUG] Starting unload of QueueManager at 1605896936314
[20-11-20 21:28:56] [INFO] [DEBUG] QueueManager has been unloaded. (took 0ms)
[20-11-20 21:28:56] [INFO] [DEBUG] Starting unload of DuelManager at 1605896936314
[20-11-20 21:28:56] [INFO] [DEBUG] DuelManager has been unloaded. (took 1ms)
[20-11-20 21:28:56] [INFO] [DEBUG] Starting unload of InventoryManager at 1605896936315
[20-11-20 21:28:56] [INFO] [DEBUG] InventoryManager has been unloaded. (took 0ms)
[20-11-20 21:28:56] [INFO] [DEBUG] Starting unload of BettingManager at 1605896936315
[20-11-20 21:28:56] [INFO] [DEBUG] BettingManager has been unloaded. (took 0ms)
[20-11-20 21:28:56] [INFO] [DEBUG] Starting unload of SpectateManager at 1605896936315
[20-11-20 21:28:56] [INFO] [DEBUG] SpectateManager has been unloaded. (took 0ms)
[20-11-20 21:28:56] [INFO] [DEBUG] Starting unload of PlayerInfoManager at 1605896936315
[20-11-20 21:28:56] [INFO] [DEBUG] PlayerInfoManager has been unloaded. (took 0ms)
[20-11-20 21:28:56] [INFO] [DEBUG] Starting unload of SettingsManager at 1605896936315
[20-11-20 21:28:56] [INFO] [DEBUG] SettingsManager has been unloaded. (took 0ms)
[20-11-20 21:28:56] [INFO] [DEBUG] Starting unload of ArenaManager at 1605896936315
[20-11-20 21:28:56] [INFO] [DEBUG] ArenaManager has been unloaded. (took 0ms)
[20-11-20 21:28:56] [INFO] [DEBUG] Starting unload of KitManager at 1605896936315
[20-11-20 21:28:56] [INFO] [DEBUG] KitManager has been unloaded. (took 1ms)
[20-11-20 21:28:56] [INFO] [DEBUG] Starting unload of GuiListener at 1605896936316
[20-11-20 21:28:56] [INFO] [DEBUG] GuiListener has been unloaded. (took 1ms)
[20-11-20 21:28:56] [INFO] [DEBUG] Starting unload of UserManager at 1605896936317
[20-11-20 21:28:56] [INFO] [DEBUG] UserManager has been unloaded. (took 3ms)
[20-11-20 21:28:56] [INFO] [DEBUG] Starting unload of Lang at 1605896936320
[20-11-20 21:28:56] [INFO] [DEBUG] Lang has been unloaded. (took 0ms)
[20-11-20 21:28:56] [INFO] [DEBUG] Starting unload of Config at 1605896936320
[20-11-20 21:28:56] [INFO] [DEBUG] Config has been unloaded. (took 0ms)
[20-11-20 21:28:56] [INFO] [DEBUG] unload done (took 19ms)
[20-11-20 21:28:56] [INFO] [DEBUG] Log#clearSources done (took 0ms)
[20-11-20 21:29:08] [INFO] [DEBUG] onEnable start -> 1605896948730

[20-11-20 21:29:08] [INFO] [DEBUG] Starting load of Config at 1605896948853
[20-11-20 21:29:08] [INFO] [DEBUG] Config has been loaded. (took 13ms)
[20-11-20 21:29:08] [INFO] [DEBUG] Starting load of Lang at 1605896948866
[20-11-20 21:29:08] [INFO] [DEBUG] Lang has been loaded. (took 14ms)
[20-11-20 21:29:08] [INFO] [DEBUG] Starting load of UserManager at 1605896948880
[20-11-20 21:29:08] [INFO] [DEBUG] UserManager has been loaded. (took 1ms)
[20-11-20 21:29:08] [INFO] [DEBUG] Starting load of GuiListener at 1605896948881
[20-11-20 21:29:08] [INFO] [DEBUG] GuiListener has been loaded. (took 0ms)
[20-11-20 21:29:08] [INFO] [DEBUG] Starting load of KitManager at 1605896948881
[20-11-20 21:29:08] [INFO] KitManager: Loaded 0 kit(s).
[20-11-20 21:29:08] [INFO] [DEBUG] KitManager has been loaded. (took 32ms)
[20-11-20 21:29:08] [INFO] [DEBUG] Starting load of ArenaManager at 1605896948914
[20-11-20 21:29:08] [INFO] ArenaManager: Loaded 0 arena(s).
[20-11-20 21:29:08] [INFO] [DEBUG] ArenaManager has been loaded. (took 7ms)
[20-11-20 21:29:08] [INFO] [DEBUG] Starting load of SettingsManager at 1605896948921
[20-11-20 21:29:08] [INFO] [DEBUG] SettingsManager has been loaded. (took 0ms)
[20-11-20 21:29:08] [INFO] [DEBUG] Starting load of PlayerInfoManager at 1605896948921
[20-11-20 21:29:08] [INFO] PlayerInfoManager: Lobby location was not set, using world's spawn location as default. Use the command /duels setlobby in-game to set the lobby location.
[20-11-20 21:29:08] [INFO] [DEBUG] PlayerInfoManager has been loaded. (took 0ms)
[20-11-20 21:29:08] [INFO] [DEBUG] Starting load of SpectateManager at 1605896948921
[20-11-20 21:29:08] [INFO] [DEBUG] SpectateManager has been loaded. (took 0ms)
[20-11-20 21:29:08] [INFO] [DEBUG] Starting load of BettingManager at 1605896948921
[20-11-20 21:29:08] [INFO] [DEBUG] BettingManager has been loaded. (took 0ms)
[20-11-20 21:29:08] [INFO] [DEBUG] Starting load of InventoryManager at 1605896948921
[20-11-20 21:29:08] [INFO] [DEBUG] InventoryManager has been loaded. (took 1ms)
[20-11-20 21:29:08] [INFO] [DEBUG] Starting load of DuelManager at 1605896948922
[20-11-20 21:29:08] [INFO] [DEBUG] DuelManager has been loaded. (took 0ms)
[20-11-20 21:29:08] [INFO] [DEBUG] Starting load of QueueManager at 1605896948922
[20-11-20 21:29:08] [INFO] QueueManager: Loaded 0 queue(s).
[20-11-20 21:29:08] [INFO] [DEBUG] QueueManager has been loaded. (took 2ms)
[20-11-20 21:29:08] [INFO] [DEBUG] Starting load of QueueSignManager at 1605896948924
[20-11-20 21:29:08] [INFO] QueueSignManager: Loaded 0 queue sign(s).
[20-11-20 21:29:08] [INFO] [DEBUG] QueueSignManager has been loaded. (took 3ms)
[20-11-20 21:29:08] [INFO] [DEBUG] Starting load of RequestManager at 1605896948927
[20-11-20 21:29:08] [INFO] [DEBUG] RequestManager has been loaded. (took 0ms)
[20-11-20 21:29:08] [INFO] [DEBUG] Starting load of Teleport at 1605896948927
[20-11-20 21:29:08] [INFO] [DEBUG] Teleport has been loaded. (took 0ms)
[20-11-20 21:29:08] [INFO] [DEBUG] Starting load of ExtensionManager at 1605896948927
[20-11-20 21:29:08] [INFO] [DEBUG] ExtensionManager has been loaded. (took 1ms)
[20-11-20 21:29:09] [WARNING] UserManager: Could not load userdata from file: f2e7832e-00bf-3cdd-9d75-c0bba3957fbd.json
[20-11-20 21:29:10] [INFO] No updates were available. You are on the latest version!
[20-11-20 22:52:54] [INFO] [DEBUG] onEnable start -> 1605901974429

[20-11-20 22:52:54] [INFO] [DEBUG] Starting load of Config at 1605901974529
[20-11-20 22:52:54] [INFO] [DEBUG] Config has been loaded. (took 12ms)
[20-11-20 22:52:54] [INFO] [DEBUG] Starting load of Lang at 1605901974542
[20-11-20 22:52:54] [INFO] [DEBUG] Lang has been loaded. (took 12ms)
[20-11-20 22:52:54] [INFO] [DEBUG] Starting load of UserManager at 1605901974554
[20-11-20 22:52:54] [INFO] [DEBUG] UserManager has been loaded. (took 1ms)
[20-11-20 22:52:54] [INFO] [DEBUG] Starting load of GuiListener at 1605901974555
[20-11-20 22:52:54] [INFO] [DEBUG] GuiListener has been loaded. (took 0ms)
[20-11-20 22:52:54] [INFO] [DEBUG] Starting load of KitManager at 1605901974555
[20-11-20 22:52:54] [INFO] KitManager: Loaded 0 kit(s).
[20-11-20 22:52:54] [INFO] [DEBUG] KitManager has been loaded. (took 29ms)
[20-11-20 22:52:54] [INFO] [DEBUG] Starting load of ArenaManager at 1605901974585
[20-11-20 22:52:54] [INFO] ArenaManager: Loaded 0 arena(s).
[20-11-20 22:52:54] [INFO] [DEBUG] ArenaManager has been loaded. (took 7ms)
[20-11-20 22:52:54] [INFO] [DEBUG] Starting load of SettingsManager at 1605901974592
[20-11-20 22:52:54] [INFO] [DEBUG] SettingsManager has been loaded. (took 0ms)
[20-11-20 22:52:54] [INFO] [DEBUG] Starting load of PlayerInfoManager at 1605901974592
[20-11-20 22:52:54] [INFO] PlayerInfoManager: Lobby location was not set, using world's spawn location as default. Use the command /duels setlobby in-game to set the lobby location.
[20-11-20 22:52:54] [INFO] [DEBUG] PlayerInfoManager has been loaded. (took 0ms)
[20-11-20 22:52:54] [INFO] [DEBUG] Starting load of SpectateManager at 1605901974592
[20-11-20 22:52:54] [INFO] [DEBUG] SpectateManager has been loaded. (took 0ms)
[20-11-20 22:52:54] [INFO] [DEBUG] Starting load of BettingManager at 1605901974593
[20-11-20 22:52:54] [INFO] [DEBUG] BettingManager has been loaded. (took 0ms)
[20-11-20 22:52:54] [INFO] [DEBUG] Starting load of InventoryManager at 1605901974593
[20-11-20 22:52:54] [INFO] [DEBUG] InventoryManager has been loaded. (took 0ms)
[20-11-20 22:52:54] [INFO] [DEBUG] Starting load of DuelManager at 1605901974593
[20-11-20 22:52:54] [INFO] [DEBUG] DuelManager has been loaded. (took 0ms)
[20-11-20 22:52:54] [INFO] [DEBUG] Starting load of QueueManager at 1605901974593
[20-11-20 22:52:54] [INFO] QueueManager: Loaded 0 queue(s).
[20-11-20 22:52:54] [INFO] [DEBUG] QueueManager has been loaded. (took 3ms)
[20-11-20 22:52:54] [INFO] [DEBUG] Starting load of QueueSignManager at 1605901974596
[20-11-20 22:52:54] [INFO] QueueSignManager: Loaded 0 queue sign(s).
[20-11-20 22:52:54] [INFO] [DEBUG] QueueSignManager has been loaded. (took 2ms)
[20-11-20 22:52:54] [INFO] [DEBUG] Starting load of RequestManager at 1605901974598
[20-11-20 22:52:54] [INFO] [DEBUG] RequestManager has been loaded. (took 0ms)
[20-11-20 22:52:54] [INFO] [DEBUG] Starting load of Teleport at 1605901974598
[20-11-20 22:52:54] [INFO] [DEBUG] Teleport has been loaded. (took 0ms)
[20-11-20 22:52:54] [INFO] [DEBUG] Starting load of ExtensionManager at 1605901974598
[20-11-20 22:52:54] [INFO] [DEBUG] ExtensionManager has been loaded. (took 1ms)
[20-11-20 22:52:56] [WARNING] UserManager: Could not load userdata from file: f2e7832e-00bf-3cdd-9d75-c0bba3957fbd.json
[20-11-20 22:52:57] [INFO] No updates were available. You are on the latest version!
[20-11-20 22:58:01] [INFO] [DEBUG] onEnable start -> 1605902281883

[20-11-20 22:58:01] [INFO] [DEBUG] Starting load of Config at 1605902281980
[20-11-20 22:58:01] [INFO] [DEBUG] Config has been loaded. (took 12ms)
[20-11-20 22:58:01] [INFO] [DEBUG] Starting load of Lang at 1605902281992
[20-11-20 22:58:02] [INFO] [DEBUG] Lang has been loaded. (took 14ms)
[20-11-20 22:58:02] [INFO] [DEBUG] Starting load of UserManager at 1605902282006
[20-11-20 22:58:02] [INFO] [DEBUG] UserManager has been loaded. (took 1ms)
[20-11-20 22:58:02] [INFO] [DEBUG] Starting load of GuiListener at 1605902282007
[20-11-20 22:58:02] [INFO] [DEBUG] GuiListener has been loaded. (took 0ms)
[20-11-20 22:58:02] [INFO] [DEBUG] Starting load of KitManager at 1605902282007
[20-11-20 22:58:02] [INFO] KitManager: Loaded 0 kit(s).
[20-11-20 22:58:02] [INFO] [DEBUG] KitManager has been loaded. (took 34ms)
[20-11-20 22:58:02] [INFO] [DEBUG] Starting load of ArenaManager at 1605902282041
[20-11-20 22:58:02] [INFO] ArenaManager: Loaded 0 arena(s).
[20-11-20 22:58:02] [INFO] [DEBUG] ArenaManager has been loaded. (took 9ms)
[20-11-20 22:58:02] [INFO] [DEBUG] Starting load of SettingsManager at 1605902282050
[20-11-20 22:58:02] [INFO] [DEBUG] SettingsManager has been loaded. (took 0ms)
[20-11-20 22:58:02] [INFO] [DEBUG] Starting load of PlayerInfoManager at 1605902282050
[20-11-20 22:58:02] [INFO] PlayerInfoManager: Lobby location was not set, using world's spawn location as default. Use the command /duels setlobby in-game to set the lobby location.
[20-11-20 22:58:02] [INFO] [DEBUG] PlayerInfoManager has been loaded. (took 0ms)
[20-11-20 22:58:02] [INFO] [DEBUG] Starting load of SpectateManager at 1605902282050
[20-11-20 22:58:02] [INFO] [DEBUG] SpectateManager has been loaded. (took 0ms)
[20-11-20 22:58:02] [INFO] [DEBUG] Starting load of BettingManager at 1605902282050
[20-11-20 22:58:02] [INFO] [DEBUG] BettingManager has been loaded. (took 1ms)
[20-11-20 22:58:02] [INFO] [DEBUG] Starting load of InventoryManager at 1605902282051
[20-11-20 22:58:02] [INFO] [DEBUG] InventoryManager has been loaded. (took 0ms)
[20-11-20 22:58:02] [INFO] [DEBUG] Starting load of DuelManager at 1605902282051
[20-11-20 22:58:02] [INFO] [DEBUG] DuelManager has been loaded. (took 0ms)
[20-11-20 22:58:02] [INFO] [DEBUG] Starting load of QueueManager at 1605902282051
[20-11-20 22:58:02] [INFO] QueueManager: Loaded 0 queue(s).
[20-11-20 22:58:02] [INFO] [DEBUG] QueueManager has been loaded. (took 3ms)
[20-11-20 22:58:02] [INFO] [DEBUG] Starting load of QueueSignManager at 1605902282054
[20-11-20 22:58:02] [INFO] QueueSignManager: Loaded 0 queue sign(s).
[20-11-20 22:58:02] [INFO] [DEBUG] QueueSignManager has been loaded. (took 3ms)
[20-11-20 22:58:02] [INFO] [DEBUG] Starting load of RequestManager at 1605902282057
[20-11-20 22:58:02] [INFO] [DEBUG] RequestManager has been loaded. (took 0ms)
[20-11-20 22:58:02] [INFO] [DEBUG] Starting load of Teleport at 1605902282057
[20-11-20 22:58:02] [INFO] [DEBUG] Teleport has been loaded. (took 0ms)
[20-11-20 22:58:02] [INFO] [DEBUG] Starting load of ExtensionManager at 1605902282057
[20-11-20 22:58:02] [INFO] [DEBUG] ExtensionManager has been loaded. (took 1ms)
[20-11-20 22:58:03] [WARNING] UserManager: Could not load userdata from file: f2e7832e-00bf-3cdd-9d75-c0bba3957fbd.json
[20-11-20 22:58:04] [INFO] No updates were available. You are on the latest version!
[20-11-20 23:19:32] [INFO] [DEBUG] onDisable start -> 1605903572451

[20-11-20 23:19:32] [INFO] [DEBUG] Starting unload of ExtensionManager at 1605903572454
[20-11-20 23:19:32] [INFO] [DEBUG] ExtensionManager has been unloaded. (took 1ms)
[20-11-20 23:19:32] [INFO] [DEBUG] Starting unload of Teleport at 1605903572455
[20-11-20 23:19:32] [INFO] [DEBUG] Teleport has been unloaded. (took 0ms)
[20-11-20 23:19:32] [INFO] [DEBUG] Starting unload of RequestManager at 1605903572455
[20-11-20 23:19:32] [INFO] [DEBUG] RequestManager has been unloaded. (took 0ms)
[20-11-20 23:19:32] [INFO] [DEBUG] Starting unload of QueueSignManager at 1605903572455
[20-11-20 23:19:32] [INFO] [DEBUG] QueueSignManager has been unloaded. (took 0ms)
[20-11-20 23:19:32] [INFO] [DEBUG] Starting unload of QueueManager at 1605903572455
[20-11-20 23:19:32] [INFO] [DEBUG] QueueManager has been unloaded. (took 0ms)
[20-11-20 23:19:32] [INFO] [DEBUG] Starting unload of DuelManager at 1605903572455
[20-11-20 23:19:32] [INFO] [DEBUG] DuelManager has been unloaded. (took 1ms)
[20-11-20 23:19:32] [INFO] [DEBUG] Starting unload of InventoryManager at 1605903572456
[20-11-20 23:19:32] [INFO] [DEBUG] InventoryManager has been unloaded. (took 0ms)
[20-11-20 23:19:32] [INFO] [DEBUG] Starting unload of BettingManager at 1605903572456
[20-11-20 23:19:32] [INFO] [DEBUG] BettingManager has been unloaded. (took 0ms)
[20-11-20 23:19:32] [INFO] [DEBUG] Starting unload of SpectateManager at 1605903572456
[20-11-20 23:19:32] [INFO] [DEBUG] SpectateManager has been unloaded. (took 0ms)
[20-11-20 23:19:32] [INFO] [DEBUG] Starting unload of PlayerInfoManager at 1605903572456
[20-11-20 23:19:32] [INFO] [DEBUG] PlayerInfoManager has been unloaded. (took 0ms)
[20-11-20 23:19:32] [INFO] [DEBUG] Starting unload of SettingsManager at 1605903572456
[20-11-20 23:19:32] [INFO] [DEBUG] SettingsManager has been unloaded. (took 0ms)
[20-11-20 23:19:32] [INFO] [DEBUG] Starting unload of ArenaManager at 1605903572456
[20-11-20 23:19:32] [INFO] [DEBUG] ArenaManager has been unloaded. (took 1ms)
[20-11-20 23:19:32] [INFO] [DEBUG] Starting unload of KitManager at 1605903572457
[20-11-20 23:19:32] [INFO] [DEBUG] KitManager has been unloaded. (took 0ms)
[20-11-20 23:19:32] [INFO] [DEBUG] Starting unload of GuiListener at 1605903572457
[20-11-20 23:19:32] [INFO] [DEBUG] GuiListener has been unloaded. (took 0ms)
[20-11-20 23:19:32] [INFO] [DEBUG] Starting unload of UserManager at 1605903572457
[20-11-20 23:19:32] [INFO] [DEBUG] UserManager has been unloaded. (took 2ms)
[20-11-20 23:19:32] [INFO] [DEBUG] Starting unload of Lang at 1605903572459
[20-11-20 23:19:32] [INFO] [DEBUG] Lang has been unloaded. (took 0ms)
[20-11-20 23:19:32] [INFO] [DEBUG] Starting unload of Config at 1605903572459
[20-11-20 23:19:32] [INFO] [DEBUG] Config has been unloaded. (took 0ms)
[20-11-20 23:19:32] [INFO] [DEBUG] unload done (took 8ms)
[20-11-20 23:19:32] [INFO] [DEBUG] Log#clearSources done (took 0ms)
[20-11-20 23:19:44] [INFO] [DEBUG] onEnable start -> 1605903584035

[20-11-20 23:19:44] [INFO] [DEBUG] Starting load of Config at 1605903584134
[20-11-20 23:19:44] [INFO] [DEBUG] Config has been loaded. (took 11ms)
[20-11-20 23:19:44] [INFO] [DEBUG] Starting load of Lang at 1605903584145
[20-11-20 23:19:44] [INFO] [DEBUG] Lang has been loaded. (took 12ms)
[20-11-20 23:19:44] [INFO] [DEBUG] Starting load of UserManager at 1605903584157
[20-11-20 23:19:44] [INFO] [DEBUG] UserManager has been loaded. (took 1ms)
[20-11-20 23:19:44] [INFO] [DEBUG] Starting load of GuiListener at 1605903584158
[20-11-20 23:19:44] [INFO] [DEBUG] GuiListener has been loaded. (took 0ms)
[20-11-20 23:19:44] [INFO] [DEBUG] Starting load of KitManager at 1605903584158
[20-11-20 23:19:44] [INFO] KitManager: Loaded 0 kit(s).
[20-11-20 23:19:44] [INFO] [DEBUG] KitManager has been loaded. (took 27ms)
[20-11-20 23:19:44] [INFO] [DEBUG] Starting load of ArenaManager at 1605903584185
[20-11-20 23:19:44] [INFO] ArenaManager: Loaded 0 arena(s).
[20-11-20 23:19:44] [INFO] [DEBUG] ArenaManager has been loaded. (took 10ms)
[20-11-20 23:19:44] [INFO] [DEBUG] Starting load of SettingsManager at 1605903584195
[20-11-20 23:19:44] [INFO] [DEBUG] SettingsManager has been loaded. (took 0ms)
[20-11-20 23:19:44] [INFO] [DEBUG] Starting load of PlayerInfoManager at 1605903584195
[20-11-20 23:19:44] [INFO] PlayerInfoManager: Lobby location was not set, using world's spawn location as default. Use the command /duels setlobby in-game to set the lobby location.
[20-11-20 23:19:44] [INFO] [DEBUG] PlayerInfoManager has been loaded. (took 0ms)
[20-11-20 23:19:44] [INFO] [DEBUG] Starting load of SpectateManager at 1605903584195
[20-11-20 23:19:44] [INFO] [DEBUG] SpectateManager has been loaded. (took 0ms)
[20-11-20 23:19:44] [INFO] [DEBUG] Starting load of BettingManager at 1605903584195
[20-11-20 23:19:44] [INFO] [DEBUG] BettingManager has been loaded. (took 0ms)
[20-11-20 23:19:44] [INFO] [DEBUG] Starting load of InventoryManager at 1605903584195
[20-11-20 23:19:44] [INFO] [DEBUG] InventoryManager has been loaded. (took 1ms)
[20-11-20 23:19:44] [INFO] [DEBUG] Starting load of DuelManager at 1605903584196
[20-11-20 23:19:44] [INFO] [DEBUG] DuelManager has been loaded. (took 0ms)
[20-11-20 23:19:44] [INFO] [DEBUG] Starting load of QueueManager at 1605903584196
[20-11-20 23:19:44] [INFO] QueueManager: Loaded 0 queue(s).
[20-11-20 23:19:44] [INFO] [DEBUG] QueueManager has been loaded. (took 4ms)
[20-11-20 23:19:44] [INFO] [DEBUG] Starting load of QueueSignManager at 1605903584200
[20-11-20 23:19:44] [INFO] QueueSignManager: Loaded 0 queue sign(s).
[20-11-20 23:19:44] [INFO] [DEBUG] QueueSignManager has been loaded. (took 2ms)
[20-11-20 23:19:44] [INFO] [DEBUG] Starting load of RequestManager at 1605903584202
[20-11-20 23:19:44] [INFO] [DEBUG] RequestManager has been loaded. (took 0ms)
[20-11-20 23:19:44] [INFO] [DEBUG] Starting load of Teleport at 1605903584202
[20-11-20 23:19:44] [INFO] [DEBUG] Teleport has been loaded. (took 1ms)
[20-11-20 23:19:44] [INFO] [DEBUG] Starting load of ExtensionManager at 1605903584203
[20-11-20 23:19:44] [INFO] [DEBUG] ExtensionManager has been loaded. (took 0ms)
[20-11-20 23:19:46] [WARNING] UserManager: Could not load userdata from file: f2e7832e-00bf-3cdd-9d75-c0bba3957fbd.json
[20-11-20 23:19:46] [INFO] No updates were available. You are on the latest version!
[20-11-21 19:44:03] [INFO] [DEBUG] onDisable start -> 1605977043521

[20-11-21 19:44:03] [INFO] [DEBUG] Starting unload of ExtensionManager at 1605977043526
[20-11-21 19:44:03] [INFO] [DEBUG] ExtensionManager has been unloaded. (took 2ms)
[20-11-21 19:44:03] [INFO] [DEBUG] Starting unload of Teleport at 1605977043528
[20-11-21 19:44:03] [INFO] [DEBUG] Teleport has been unloaded. (took 0ms)
[20-11-21 19:44:03] [INFO] [DEBUG] Starting unload of RequestManager at 1605977043528
[20-11-21 19:44:03] [INFO] [DEBUG] RequestManager has been unloaded. (took 0ms)
[20-11-21 19:44:03] [INFO] [DEBUG] Starting unload of QueueSignManager at 1605977043528
[20-11-21 19:44:03] [INFO] [DEBUG] QueueSignManager has been unloaded. (took 0ms)
[20-11-21 19:44:03] [INFO] [DEBUG] Starting unload of QueueManager at 1605977043529
[20-11-21 19:44:03] [INFO] [DEBUG] QueueManager has been unloaded. (took 0ms)
[20-11-21 19:44:03] [INFO] [DEBUG] Starting unload of DuelManager at 1605977043529
[20-11-21 19:44:03] [INFO] [DEBUG] DuelManager has been unloaded. (took 1ms)
[20-11-21 19:44:03] [INFO] [DEBUG] Starting unload of InventoryManager at 1605977043530
[20-11-21 19:44:03] [INFO] [DEBUG] InventoryManager has been unloaded. (took 0ms)
[20-11-21 19:44:03] [INFO] [DEBUG] Starting unload of BettingManager at 1605977043530
[20-11-21 19:44:03] [INFO] [DEBUG] BettingManager has been unloaded. (took 0ms)
[20-11-21 19:44:03] [INFO] [DEBUG] Starting unload of SpectateManager at 1605977043530
[20-11-21 19:44:03] [INFO] [DEBUG] SpectateManager has been unloaded. (took 0ms)
[20-11-21 19:44:03] [INFO] [DEBUG] Starting unload of PlayerInfoManager at 1605977043530
[20-11-21 19:44:03] [INFO] [DEBUG] PlayerInfoManager has been unloaded. (took 0ms)
[20-11-21 19:44:03] [INFO] [DEBUG] Starting unload of SettingsManager at 1605977043530
[20-11-21 19:44:03] [INFO] [DEBUG] SettingsManager has been unloaded. (took 0ms)
[20-11-21 19:44:03] [INFO] [DEBUG] Starting unload of ArenaManager at 1605977043530
[20-11-21 19:44:03] [INFO] [DEBUG] ArenaManager has been unloaded. (took 1ms)
[20-11-21 19:44:03] [INFO] [DEBUG] Starting unload of KitManager at 1605977043531
[20-11-21 19:44:03] [INFO] [DEBUG] KitManager has been unloaded. (took 0ms)
[20-11-21 19:44:03] [INFO] [DEBUG] Starting unload of GuiListener at 1605977043531
[20-11-21 19:44:03] [INFO] [DEBUG] GuiListener has been unloaded. (took 1ms)
[20-11-21 19:44:03] [INFO] [DEBUG] Starting unload of UserManager at 1605977043532
[20-11-21 19:44:03] [INFO] [DEBUG] UserManager has been unloaded. (took 0ms)
[20-11-21 19:44:03] [INFO] [DEBUG] Starting unload of Lang at 1605977043532
[20-11-21 19:44:03] [INFO] [DEBUG] Lang has been unloaded. (took 0ms)
[20-11-21 19:44:03] [INFO] [DEBUG] Starting unload of Config at 1605977043532
[20-11-21 19:44:03] [INFO] [DEBUG] Config has been unloaded. (took 0ms)
[20-11-21 19:44:03] [INFO] [DEBUG] unload done (took 11ms)
[20-11-21 19:44:03] [INFO] [DEBUG] Log#clearSources done (took 1ms)
